
[info] 撮合订单任务开始执行 job 
[info] 开始批量撮合交易对
[info] 开始撮合交易对：BTC_USDT
[info] 撮合成交：买家 #1 卖家 #2 成交价 10.00000000 数量 3.00000000
[info] 撮合成交：买家 #1 卖家 #2 成交价 10.00000000 数量 8.00000000
[info] 撮合成交：买家 #1 卖家 #2 成交价 10.00000000 数量 1.00000000
[info] 撮合成交：买家 #1 卖家 #2 成交价 10.00000000 数量 3.00000000
[info] 开始撮合交易对：ETH_USDT
[info] 撮合脚本执行完毕
[info] 撮合订单任务开始执行 job 
[info] 开始批量撮合交易对
[info] 开始撮合交易对：BTC_USDT
[info] 买单 #1742737870286394 已完全成交
[info] 卖单 #1742737870286397 已完全成交
[info] 撮合成交：买家 #1 卖家 #2 成交价 10.00000000 数量 3.00000000
[info] 买单 #1742737870286398 已完全成交
[info] 卖单 #1742737870286401 部分成交，剩余数量：1.00000000
[info] 撮合成交：买家 #1 卖家 #2 成交价 10.00000000 数量 8.00000000
[info] 买单 #1742737870286400 已完全成交
[info] 卖单 #1742737870286401 已完全成交
[info] 撮合成交：买家 #1 卖家 #2 成交价 10.00000000 数量 1.00000000
[info] 买单 #1742737870286402 部分成交，剩余数量：1.00000000
[info] 卖单 #1742737870286403 已完全成交
[info] 撮合成交：买家 #1 卖家 #2 成交价 10.00000000 数量 3.00000000
[info] 开始撮合交易对：ETH_USDT
[info] 撮合脚本执行完毕
[info] 撮合订单任务开始执行 job 
[info] 开始批量撮合交易对
[info] 开始撮合交易对：BTC_USDT
[info] 撮合订单任务开始执行 job 
[info] 开始批量撮合交易对
[info] 开始撮合交易对：BTC_USDT
[info] 撮合订单任务开始执行 job 
[info] 开始批量撮合交易对
[info] 开始撮合交易对：BTC_USDT
[info] 买单 #1 (买家用户：1) 下单数量：5.00000000，已成交：5.00000000，剩余：0.00000000，订单已完全成交
[info] 卖单 #4 (卖家用户：2) 下单数量：7.00000000，已成交：7.00000000，剩余：0.00000000，订单已完全成交
[info] 撮合成交：买单 #1 (买家：1, 下单数量：5.00000000, 已成交：5.00000000) 与卖单 #4 (卖家：2, 下单数量：7.00000000, 已成交：7.00000000) 成交，成交价：10.00000000，成交数量：3.00000000
[info] 买单 #5 (买家用户：1) 下单数量：8.00000000，已成交：8.00000000，剩余：0.00000000，订单已完全成交
[info] 卖单 #8 (卖家用户：2) 下单数量：9.00000000，已成交：8.00000000，剩余：1.00000000，订单部分成交
[info] 撮合成交：买单 #5 (买家：1, 下单数量：8.00000000, 已成交：8.00000000) 与卖单 #8 (卖家：2, 下单数量：9.00000000, 已成交：8.00000000) 成交，成交价：10.00000000，成交数量：8.00000000
[info] 买单 #7 (买家用户：1) 下单数量：2.00000000，已成交：2.00000000，剩余：0.00000000，订单已完全成交
[info] 卖单 #8 (卖家用户：2) 下单数量：9.00000000，已成交：9.00000000，剩余：0.00000000，订单已完全成交
[info] 撮合成交：买单 #7 (买家：1, 下单数量：2.00000000, 已成交：2.00000000) 与卖单 #8 (卖家：2, 下单数量：9.00000000, 已成交：9.00000000) 成交，成交价：10.00000000，成交数量：1.00000000
[info] 买单 #9 (买家用户：1) 下单数量：4.00000000，已成交：3.00000000，剩余：1.00000000，订单部分成交
[info] 卖单 #10 (卖家用户：2) 下单数量：5.00000000，已成交：5.00000000，剩余：0.00000000，订单已完全成交
[info] 撮合成交：买单 #9 (买家：1, 下单数量：4.00000000, 已成交：3.00000000) 与卖单 #10 (卖家：2, 下单数量：5.00000000, 已成交：5.00000000) 成交，成交价：10.00000000，成交数量：3.00000000
[info] 开始撮合交易对：ETH_USDT
[info] 撮合脚本执行完毕
[info] 撮合订单任务开始执行 job 
[info] 开始批量撮合交易对
[info] 开始撮合交易对：BTC_USDT
[info] 买单 #1 (买家用户：1) 下单数量：5.00000000，原已成交：2.00000000，本次撮合：3.00000000，现已成交：5.00000000，剩余：0.00000000。 订单已完全成交
[info] 卖单 #4 (卖家用户：2) 下单数量：7.00000000，原已成交：4.00000000，本次撮合：3.00000000，现已成交：7.00000000，剩余：0.00000000。 订单已完全成交
[info] 撮合成交：买单 #1 (买家：1, 下单数量：5.00000000, 本次撮合：3.00000000) 与卖单 #4 (卖家：2, 下单数量：7.00000000, 本次撮合：3.00000000) 成交，成交价：10.00000000。
[info] 买单 #5 (买家用户：1) 下单数量：8.00000000，原已成交：0.00000000，本次撮合：8.00000000，现已成交：8.00000000，剩余：0.00000000。 订单已完全成交
[info] 卖单 #8 (卖家用户：2) 下单数量：9.00000000，原已成交：0.00000000，本次撮合：8.00000000，现已成交：8.00000000，剩余：1.00000000。 订单部分成交
[info] 撮合成交：买单 #5 (买家：1, 下单数量：8.00000000, 本次撮合：8.00000000) 与卖单 #8 (卖家：2, 下单数量：9.00000000, 本次撮合：8.00000000) 成交，成交价：10.00000000。
[info] 买单 #7 (买家用户：1) 下单数量：2.00000000，原已成交：1.00000000，本次撮合：1.00000000，现已成交：2.00000000，剩余：0.00000000。 订单已完全成交
[info] 卖单 #8 (卖家用户：2) 下单数量：9.00000000，原已成交：8.00000000，本次撮合：1.00000000，现已成交：9.00000000，剩余：0.00000000。 订单已完全成交
[info] 撮合成交：买单 #7 (买家：1, 下单数量：2.00000000, 本次撮合：1.00000000) 与卖单 #8 (卖家：2, 下单数量：9.00000000, 本次撮合：1.00000000) 成交，成交价：10.00000000。
[info] 买单 #9 (买家用户：1) 下单数量：4.00000000，原已成交：0.00000000，本次撮合：3.00000000，现已成交：3.00000000，剩余：1.00000000。 订单部分成交
[info] 卖单 #10 (卖家用户：2) 下单数量：5.00000000，原已成交：2.00000000，本次撮合：3.00000000，现已成交：5.00000000，剩余：0.00000000。 订单已完全成交
[info] 撮合成交：买单 #9 (买家：1, 下单数量：4.00000000, 本次撮合：3.00000000) 与卖单 #10 (卖家：2, 下单数量：5.00000000, 本次撮合：3.00000000) 成交，成交价：10.00000000。
[info] 开始撮合交易对：ETH_USDT
[info] 撮合脚本执行完毕
[info] 撮合订单任务开始执行 job 
[info] 开始批量撮合交易对
[info] 开始撮合交易对：BTC_USDT
[info] 买单 #订单号1 (买家用户：1) 下单数量：5.00000000，原已成交：2.00000000，本次撮合：3.00000000，现已成交：5.00000000，剩余：0.00000000。 订单已完全成交
[info] 卖单 #订单号4 (卖家用户：2) 下单数量：7.00000000，原已成交：4.00000000，本次撮合：3.00000000，现已成交：7.00000000，剩余：0.00000000。 订单已完全成交
[info] 撮合成交：买单 #订单号1 (买家：1, 下单数量：5.00000000, 本次撮合：3.00000000) 与卖单 #订单号4 (卖家：2, 下单数量：7.00000000, 本次撮合：3.00000000) 成交，成交价：10.00000000。
[info] 买单 #订单号5 (买家用户：1) 下单数量：8.00000000，原已成交：0.00000000，本次撮合：8.00000000，现已成交：8.00000000，剩余：0.00000000。 订单已完全成交
[info] 卖单 #订单号8 (卖家用户：2) 下单数量：9.00000000，原已成交：0.00000000，本次撮合：8.00000000，现已成交：8.00000000，剩余：1.00000000。 订单部分成交
[info] 撮合成交：买单 #订单号5 (买家：1, 下单数量：8.00000000, 本次撮合：8.00000000) 与卖单 #订单号8 (卖家：2, 下单数量：9.00000000, 本次撮合：8.00000000) 成交，成交价：10.00000000。
[info] 买单 #订单号7 (买家用户：1) 下单数量：2.00000000，原已成交：1.00000000，本次撮合：1.00000000，现已成交：2.00000000，剩余：0.00000000。 订单已完全成交
[info] 卖单 #订单号8 (卖家用户：2) 下单数量：9.00000000，原已成交：8.00000000，本次撮合：1.00000000，现已成交：9.00000000，剩余：0.00000000。 订单已完全成交
[info] 撮合成交：买单 #订单号7 (买家：1, 下单数量：2.00000000, 本次撮合：1.00000000) 与卖单 #订单号8 (卖家：2, 下单数量：9.00000000, 本次撮合：1.00000000) 成交，成交价：10.00000000。
[info] 买单 #订单号9 (买家用户：1) 下单数量：4.00000000，原已成交：0.00000000，本次撮合：3.00000000，现已成交：3.00000000，剩余：1.00000000。 订单部分成交
[info] 卖单 #订单号10 (卖家用户：2) 下单数量：5.00000000，原已成交：2.00000000，本次撮合：3.00000000，现已成交：5.00000000，剩余：0.00000000。 订单已完全成交
[info] 撮合成交：买单 #订单号9 (买家：1, 下单数量：4.00000000, 本次撮合：3.00000000) 与卖单 #订单号10 (卖家：2, 下单数量：5.00000000, 本次撮合：3.00000000) 成交，成交价：10.00000000。
[info] 开始撮合交易对：ETH_USDT
[info] 撮合脚本执行完毕
[info] 撮合订单任务开始执行 job 
[info] 开始批量撮合交易对
[info] 开始撮合交易对：BTC_USDT
[info] 买单 #订单号1 (买家用户：1) 下单数量：5.00000000，原已成交：2.00000000，本次撮合：3.00000000，现已成交：5.00000000，剩余：0.00000000。 订单已完全成交
[info] 卖单 #订单号4 (卖家用户：2) 下单数量：7.00000000，原已成交：4.00000000，本次撮合：3.00000000，现已成交：7.00000000，剩余：0.00000000。 订单已完全成交
[info] 撮合成交：买单 #订单号1 (买家：1, 下单数量：5.00000000, 本次撮合：3.00000000) 与卖单 #订单号4 (卖家：2, 下单数量：7.00000000, 本次撮合：3.00000000) 成交，成交价：10.00000000。
[info] 撮合订单任务开始执行 job 
[info] 开始批量撮合交易对
[info] 开始撮合交易对：BTC_USDT
[info] 买单 #订单号1 (买家用户：1) 下单数量：5.00000000，原已成交：2.00000000，本次撮合：3.00000000，现已成交：5.00000000，剩余：0.00000000。 订单已完全成交
[info] 卖单 #订单号4 (卖家用户：2) 下单数量：7.00000000，原已成交：4.00000000，本次撮合：3.00000000，现已成交：7.00000000，剩余：0.00000000。 订单已完全成交
[info] 撮合成交：买单 #订单号1 (买家：1, 下单数量：5.00000000, 本次撮合：3.00000000) 与卖单 #订单号4 (卖家：2, 下单数量：7.00000000, 本次撮合：3.00000000) 成交，成交价：10.00000000。
[info] 撮合订单任务开始执行 job 
[info] 开始批量撮合交易对
[info] 开始撮合交易对：BTC_USDT
[info] 买单 #订单号1 (买家用户：1) 下单数量：5.00000000，原已成交：2.00000000，本次撮合：3.00000000，现已成交：5.00000000，剩余：0.00000000。 订单已完全成交
[info] 卖单 #订单号4 (卖家用户：2) 下单数量：7.00000000，原已成交：4.00000000，本次撮合：3.00000000，现已成交：7.00000000，剩余：0.00000000。 订单已完全成交
[info] 撮合成交：买单 #订单号1 (买家：1, 下单数量：5.00000000, 本次撮合：3.00000000) 与卖单 #订单号4 (卖家：2, 下单数量：7.00000000, 本次撮合：3.00000000) 成交，成交价：10.00000000。
[info] 买单 #订单号5 (买家用户：1) 下单数量：8.00000000，原已成交：0.00000000，本次撮合：8.00000000，现已成交：8.00000000，剩余：0.00000000。 订单已完全成交
[info] 卖单 #订单号8 (卖家用户：2) 下单数量：9.00000000，原已成交：0.00000000，本次撮合：8.00000000，现已成交：8.00000000，剩余：1.00000000。 订单部分成交
[info] 撮合成交：买单 #订单号5 (买家：1, 下单数量：8.00000000, 本次撮合：8.00000000) 与卖单 #订单号8 (卖家：2, 下单数量：9.00000000, 本次撮合：8.00000000) 成交，成交价：10.00000000。
[error] 撮合失败：锁定余额不足
[info] 撮合订单任务开始执行 job 
[info] 开始批量撮合交易对
[info] 开始撮合交易对：BTC_USDT
[info] 买单 #订单号1 (买家用户：1) 下单数量：5.00000000，原已成交：2.00000000，本次撮合：3.00000000，现已成交：5.00000000，剩余：0.00000000。 订单已完全成交
[info] 卖单 #订单号4 (卖家用户：2) 下单数量：7.00000000，原已成交：4.00000000，本次撮合：3.00000000，现已成交：7.00000000，剩余：0.00000000。 订单已完全成交
[info] 撮合成交：买单 #订单号1 (买家：1, 下单数量：5.00000000, 本次撮合：3.00000000) 与卖单 #订单号4 (卖家：2, 下单数量：7.00000000, 本次撮合：3.00000000) 成交，成交价：10.00000000。
[info] 买单 #订单号5 (买家用户：1) 下单数量：8.00000000，原已成交：0.00000000，本次撮合：8.00000000，现已成交：8.00000000，剩余：0.00000000。 订单已完全成交
[info] 卖单 #订单号8 (卖家用户：2) 下单数量：9.00000000，原已成交：0.00000000，本次撮合：8.00000000，现已成交：8.00000000，剩余：1.00000000。 订单部分成交
[info] 撮合成交：买单 #订单号5 (买家：1, 下单数量：8.00000000, 本次撮合：8.00000000) 与卖单 #订单号8 (卖家：2, 下单数量：9.00000000, 本次撮合：8.00000000) 成交，成交价：10.00000000。
[info] 买单 #订单号7 (买家用户：1) 下单数量：2.00000000，原已成交：1.00000000，本次撮合：1.00000000，现已成交：2.00000000，剩余：0.00000000。 订单已完全成交
[info] 卖单 #订单号8 (卖家用户：2) 下单数量：9.00000000，原已成交：8.00000000，本次撮合：1.00000000，现已成交：9.00000000，剩余：0.00000000。 订单已完全成交
[info] 撮合成交：买单 #订单号7 (买家：1, 下单数量：2.00000000, 本次撮合：1.00000000) 与卖单 #订单号8 (卖家：2, 下单数量：9.00000000, 本次撮合：1.00000000) 成交，成交价：10.00000000。
[info] 买单 #订单号9 (买家用户：1) 下单数量：4.00000000，原已成交：0.00000000，本次撮合：3.00000000，现已成交：3.00000000，剩余：1.00000000。 订单部分成交
[info] 卖单 #订单号10 (卖家用户：2) 下单数量：5.00000000，原已成交：2.00000000，本次撮合：3.00000000，现已成交：5.00000000，剩余：0.00000000。 订单已完全成交
[info] 撮合成交：买单 #订单号9 (买家：1, 下单数量：4.00000000, 本次撮合：3.00000000) 与卖单 #订单号10 (卖家：2, 下单数量：5.00000000, 本次撮合：3.00000000) 成交，成交价：10.00000000。
[info] 开始撮合交易对：ETH_USDT
[info] 撮合脚本执行完毕
[info] 撮合订单任务开始执行 job 
[info] 开始批量撮合交易对
[info] 开始撮合交易对：BTC_USDT
[info] 买单 #订单号1 (买家用户：1) 下单数量：5.00000000，原已成交：2.00000000，本次撮合：3.00000000，现已成交：5.00000000，剩余：0.00000000。 订单已完全成交
[info] 卖单 #订单号4 (卖家用户：2) 下单数量：7.00000000，原已成交：4.00000000，本次撮合：3.00000000，现已成交：7.00000000，剩余：0.00000000。 订单已完全成交
[info] 撮合成交：买单 #订单号1 (买家：1, 下单数量：5.00000000, 本次撮合：3.00000000) 与卖单 #订单号4 (卖家：2, 下单数量：7.00000000, 本次撮合：3.00000000) 成交，成交价：10.00000000。
[info] 买单 #订单号5 (买家用户：1) 下单数量：8.00000000，原已成交：0.00000000，本次撮合：8.00000000，现已成交：8.00000000，剩余：0.00000000。 订单已完全成交
[info] 卖单 #订单号8 (卖家用户：2) 下单数量：9.00000000，原已成交：0.00000000，本次撮合：8.00000000，现已成交：8.00000000，剩余：1.00000000。 订单部分成交
[info] 撮合成交：买单 #订单号5 (买家：1, 下单数量：8.00000000, 本次撮合：8.00000000) 与卖单 #订单号8 (卖家：2, 下单数量：9.00000000, 本次撮合：8.00000000) 成交，成交价：10.00000000。
[info] 买单 #订单号7 (买家用户：1) 下单数量：2.00000000，原已成交：1.00000000，本次撮合：1.00000000，现已成交：2.00000000，剩余：0.00000000。 订单已完全成交
[info] 卖单 #订单号8 (卖家用户：2) 下单数量：9.00000000，原已成交：8.00000000，本次撮合：1.00000000，现已成交：9.00000000，剩余：0.00000000。 订单已完全成交
[info] 撮合成交：买单 #订单号7 (买家：1, 下单数量：2.00000000, 本次撮合：1.00000000) 与卖单 #订单号8 (卖家：2, 下单数量：9.00000000, 本次撮合：1.00000000) 成交，成交价：10.00000000。
[info] 买单 #订单号9 (买家用户：1) 下单数量：4.00000000，原已成交：0.00000000，本次撮合：3.00000000，现已成交：3.00000000，剩余：1.00000000。 订单部分成交
[info] 卖单 #订单号10 (卖家用户：2) 下单数量：5.00000000，原已成交：2.00000000，本次撮合：3.00000000，现已成交：5.00000000，剩余：0.00000000。 订单已完全成交
[info] 撮合成交：买单 #订单号9 (买家：1, 下单数量：4.00000000, 本次撮合：3.00000000) 与卖单 #订单号10 (卖家：2, 下单数量：5.00000000, 本次撮合：3.00000000) 成交，成交价：10.00000000。
[info] 开始撮合交易对：ETH_USDT
[info] 撮合脚本执行完毕
[info] 撮合订单任务开始执行 job 
[info] 开始批量撮合交易对
[info] 开始撮合交易对：BTC_USDT
[info] 买单 #订单号1 (买家用户：1) 下单数量：5.00000000，原已成交：2.00000000，本次撮合：3.00000000，现已成交：5.00000000，剩余：0.00000000。 订单已完全成交
[info] 卖单 #订单号4 (卖家用户：2) 下单数量：7.00000000，原已成交：4.00000000，本次撮合：3.00000000，现已成交：7.00000000，剩余：0.00000000。 订单已完全成交
[info] 撮合成交：买单 #订单号1 (买家：1, 下单数量：5.00000000, 本次撮合：3.00000000) 与卖单 #订单号4 (卖家：2, 下单数量：7.00000000, 本次撮合：3.00000000) 成交，成交价：10.00000000。
[info] 买单 #订单号5 (买家用户：1) 下单数量：8.00000000，原已成交：0.00000000，本次撮合：8.00000000，现已成交：8.00000000，剩余：0.00000000。 订单已完全成交
[info] 卖单 #订单号8 (卖家用户：2) 下单数量：9.00000000，原已成交：0.00000000，本次撮合：8.00000000，现已成交：8.00000000，剩余：1.00000000。 订单部分成交
[info] 撮合成交：买单 #订单号5 (买家：1, 下单数量：8.00000000, 本次撮合：8.00000000) 与卖单 #订单号8 (卖家：2, 下单数量：9.00000000, 本次撮合：8.00000000) 成交，成交价：10.00000000。
[info] 买单 #订单号7 (买家用户：1) 下单数量：2.00000000，原已成交：1.00000000，本次撮合：1.00000000，现已成交：2.00000000，剩余：0.00000000。 订单已完全成交
[info] 卖单 #订单号8 (卖家用户：2) 下单数量：9.00000000，原已成交：8.00000000，本次撮合：1.00000000，现已成交：9.00000000，剩余：0.00000000。 订单已完全成交
[info] 撮合成交：买单 #订单号7 (买家：1, 下单数量：2.00000000, 本次撮合：1.00000000) 与卖单 #订单号8 (卖家：2, 下单数量：9.00000000, 本次撮合：1.00000000) 成交，成交价：10.00000000。
[info] 买单 #订单号9 (买家用户：1) 下单数量：4.00000000，原已成交：0.00000000，本次撮合：3.00000000，现已成交：3.00000000，剩余：1.00000000。 订单部分成交
[info] 卖单 #订单号10 (卖家用户：2) 下单数量：5.00000000，原已成交：2.00000000，本次撮合：3.00000000，现已成交：5.00000000，剩余：0.00000000。 订单已完全成交
[info] 撮合成交：买单 #订单号9 (买家：1, 下单数量：4.00000000, 本次撮合：3.00000000) 与卖单 #订单号10 (卖家：2, 下单数量：5.00000000, 本次撮合：3.00000000) 成交，成交价：10.00000000。
[info] 开始撮合交易对：ETH_USDT
[info] 撮合脚本执行完毕
[info] 用户已登录，用户ID：1
[info] 用户已登录，用户ID：1
[info] 用户已登录，用户ID：1
[info] 用户已登录，用户ID：1
[info] 用户已登录，用户ID：1
[info] 用户已登录，用户ID：1
[info] 撮合订单任务开始执行 job 
[info] 开始批量撮合交易对
[info] 开始撮合交易对：BTC_USDT
[info] 撮合订单任务开始执行 job 
[info] 开始批量撮合交易对
[info] 开始撮合交易对：BTC_USDT
[info] 买单 #订单号1 (买家用户：1) 下单数量：5.00000000，原已成交：2.00000000，本次撮合：3.00000000，现已成交：5.00000000，剩余：0.00000000。 订单已完全成交
[info] 买单 #订单号1 (买家用户：1) 分批撮合完成，当前订单状态已改为完全成交。
[info] 卖单 #订单号4 (卖家用户：2) 下单数量：7.00000000，原已成交：4.00000000，本次撮合：3.00000000，现已成交：7.00000000，剩余：0.00000000。 订单已完全成交
[info] 卖单 #订单号4 (卖家用户：2) 分批撮合完成，当前订单状态已改为完全成交。
[info] 撮合成交：买单 #订单号1 (买家：1, 下单数量：5.00000000, 本次撮合：3.00000000) 与卖单 #订单号4 (卖家：2, 下单数量：7.00000000, 本次撮合：3.00000000) 成交，成交价：10.00000000。
[info] 买单 #订单号5 (买家用户：1) 下单数量：8.00000000，原已成交：0.00000000，本次撮合：8.00000000，现已成交：8.00000000，剩余：0.00000000。 订单已完全成交
[info] 买单 #订单号5 (买家用户：1) 分批撮合完成，当前订单状态已改为完全成交。
[info] 卖单 #订单号8 (卖家用户：2) 下单数量：9.00000000，原已成交：0.00000000，本次撮合：8.00000000，现已成交：8.00000000，剩余：1.00000000。 订单部分成交
[info] 撮合成交：买单 #订单号5 (买家：1, 下单数量：8.00000000, 本次撮合：8.00000000) 与卖单 #订单号8 (卖家：2, 下单数量：9.00000000, 本次撮合：8.00000000) 成交，成交价：10.00000000。
[info] 买单 #订单号7 (买家用户：1) 下单数量：2.00000000，原已成交：1.00000000，本次撮合：1.00000000，现已成交：2.00000000，剩余：0.00000000。 订单已完全成交
[info] 买单 #订单号7 (买家用户：1) 分批撮合完成，当前订单状态已改为完全成交。
[info] 卖单 #订单号8 (卖家用户：2) 下单数量：9.00000000，原已成交：8.00000000，本次撮合：1.00000000，现已成交：9.00000000，剩余：0.00000000。 订单已完全成交
[info] 卖单 #订单号8 (卖家用户：2) 分批撮合完成，当前订单状态已改为完全成交。
[info] 撮合成交：买单 #订单号7 (买家：1, 下单数量：2.00000000, 本次撮合：1.00000000) 与卖单 #订单号8 (卖家：2, 下单数量：9.00000000, 本次撮合：1.00000000) 成交，成交价：10.00000000。
[info] 买单 #订单号9 (买家用户：1) 下单数量：4.00000000，原已成交：0.00000000，本次撮合：3.00000000，现已成交：3.00000000，剩余：1.00000000。 订单部分成交
[info] 卖单 #订单号10 (卖家用户：2) 下单数量：5.00000000，原已成交：2.00000000，本次撮合：3.00000000，现已成交：5.00000000，剩余：0.00000000。 订单已完全成交
[info] 卖单 #订单号10 (卖家用户：2) 分批撮合完成，当前订单状态已改为完全成交。
[info] 撮合成交：买单 #订单号9 (买家：1, 下单数量：4.00000000, 本次撮合：3.00000000) 与卖单 #订单号10 (卖家：2, 下单数量：5.00000000, 本次撮合：3.00000000) 成交，成交价：10.00000000。
[info] 开始撮合交易对：ETH_USDT
[info] 撮合脚本执行完毕
[info] 撮合订单任务开始执行 job 
[info] 开始批量撮合交易对
[info] 开始撮合交易对：BTC_USDT
[info] 买单 #订单号1 (买家用户：1) 下单数量：5.00000000，原已成交：2.00000000，本次撮合：3.00000000，现已成交：5.00000000，剩余：0.00000000。 订单已完全成交
[info] 买单 #订单号1 (买家用户：1) 分批撮合完成，当前订单状态已改为完全成交。
[info] 卖单 #订单号4 (卖家用户：2) 下单数量：7.00000000，原已成交：4.00000000，本次撮合：3.00000000，现已成交：7.00000000，剩余：0.00000000。 订单已完全成交
[info] 卖单 #订单号4 (卖家用户：2) 分批撮合完成，当前订单状态已改为完全成交。
[info] 撮合成交：买单 #订单号1 (买家：1, 下单数量：5.00000000, 本次撮合：3.00000000) 与卖单 #订单号4 (卖家：2, 下单数量：7.00000000, 本次撮合：3.00000000) 成交，成交价：10.00000000。
[info] 买单 #订单号5 (买家用户：1) 下单数量：8.00000000，原已成交：0.00000000，本次撮合：8.00000000，现已成交：8.00000000，剩余：0.00000000。 订单已完全成交
[info] 买单 #订单号5 (买家用户：1) 分批撮合完成，当前订单状态已改为完全成交。
[info] 卖单 #订单号8 (卖家用户：2) 下单数量：9.00000000，原已成交：0.00000000，本次撮合：8.00000000，现已成交：8.00000000，剩余：1.00000000。 订单部分成交
[info] 撮合成交：买单 #订单号5 (买家：1, 下单数量：8.00000000, 本次撮合：8.00000000) 与卖单 #订单号8 (卖家：2, 下单数量：9.00000000, 本次撮合：8.00000000) 成交，成交价：10.00000000。
[info] 买单 #订单号7 (买家用户：1) 下单数量：2.00000000，原已成交：1.00000000，本次撮合：1.00000000，现已成交：2.00000000，剩余：0.00000000。 订单已完全成交
[info] 买单 #订单号7 (买家用户：1) 分批撮合完成，当前订单状态已改为完全成交。
[info] 卖单 #订单号8 (卖家用户：2) 下单数量：9.00000000，原已成交：8.00000000，本次撮合：1.00000000，现已成交：9.00000000，剩余：0.00000000。 订单已完全成交
[info] 卖单 #订单号8 (卖家用户：2) 分批撮合完成，当前订单状态已改为完全成交。
[info] 撮合成交：买单 #订单号7 (买家：1, 下单数量：2.00000000, 本次撮合：1.00000000) 与卖单 #订单号8 (卖家：2, 下单数量：9.00000000, 本次撮合：1.00000000) 成交，成交价：10.00000000。
[info] 买单 #订单号9 (买家用户：1) 下单数量：4.00000000，原已成交：0.00000000，本次撮合：3.00000000，现已成交：3.00000000，剩余：1.00000000。 订单部分成交
[info] 卖单 #订单号10 (卖家用户：2) 下单数量：5.00000000，原已成交：2.00000000，本次撮合：3.00000000，现已成交：5.00000000，剩余：0.00000000。 订单已完全成交
[info] 卖单 #订单号10 (卖家用户：2) 分批撮合完成，当前订单状态已改为完全成交。
[info] 撮合成交：买单 #订单号9 (买家：1, 下单数量：4.00000000, 本次撮合：3.00000000) 与卖单 #订单号10 (卖家：2, 下单数量：5.00000000, 本次撮合：3.00000000) 成交，成交价：10.00000000。
[info] 开始撮合交易对：ETH_USDT
[info] 撮合脚本执行完毕
[info] 用户已登录，用户ID：1
[info] 用户已登录，用户ID：1
[info] 用户已登录，用户ID：1
[info] 用户已登录，用户ID：1
[info] 用户已登录，用户ID：1
[info] 用户已登录，用户ID：1
[info] 撮合订单任务开始执行 job 
[info] 开始批量撮合交易对
[info] 开始撮合交易对：BTC_USDT
[info] 买单 #订单号1 (买家用户：1) 下单数量：5.00000000，原已成交：2.00000000，本次撮合：3.00000000，现已成交：5.00000000，剩余：0.00000000。 订单已完全成交
[info] 买单 #订单号1 (买家用户：1) 分批撮合完成，当前订单状态已改为完全成交。
[info] 卖单 #订单号4 (卖家用户：2) 下单数量：7.00000000，原已成交：4.00000000，本次撮合：3.00000000，现已成交：7.00000000，剩余：0.00000000。 订单已完全成交
[info] 卖单 #订单号4 (卖家用户：2) 分批撮合完成，当前订单状态已改为完全成交。
[info1] 撮合成交：买单 #订单号1 (买家：1, 下单数量：5.00000000, 本次撮合：3.00000000) 与卖单 #订单号4 (卖家：2, 下单数量：7.00000000, 本次撮合：3.00000000) 成交，成交价：10.00000000。
[info] 买单 #订单号5 (买家用户：1) 下单数量：8.00000000，原已成交：0.00000000，本次撮合：8.00000000，现已成交：8.00000000，剩余：0.00000000。 订单已完全成交
[info] 买单 #订单号5 (买家用户：1) 分批撮合完成，当前订单状态已改为完全成交。
[info] 卖单 #订单号8 (卖家用户：2) 下单数量：9.00000000，原已成交：0.00000000，本次撮合：8.00000000，现已成交：8.00000000，剩余：1.00000000。 订单部分成交
[info1] 撮合成交：买单 #订单号5 (买家：1, 下单数量：8.00000000, 本次撮合：8.00000000) 与卖单 #订单号8 (卖家：2, 下单数量：9.00000000, 本次撮合：8.00000000) 成交，成交价：10.00000000。
[info] 买单 #订单号7 (买家用户：1) 下单数量：2.00000000，原已成交：1.00000000，本次撮合：1.00000000，现已成交：2.00000000，剩余：0.00000000。 订单已完全成交
[info] 买单 #订单号7 (买家用户：1) 分批撮合完成，当前订单状态已改为完全成交。
[info] 卖单 #订单号8 (卖家用户：2) 下单数量：9.00000000，原已成交：8.00000000，本次撮合：1.00000000，现已成交：9.00000000，剩余：0.00000000。 订单已完全成交
[info] 卖单 #订单号8 (卖家用户：2) 分批撮合完成，当前订单状态已改为完全成交。
[info1] 撮合成交：买单 #订单号7 (买家：1, 下单数量：2.00000000, 本次撮合：1.00000000) 与卖单 #订单号8 (卖家：2, 下单数量：9.00000000, 本次撮合：1.00000000) 成交，成交价：10.00000000。
[info] 买单 #订单号9 (买家用户：1) 下单数量：4.00000000，原已成交：0.00000000，本次撮合：3.00000000，现已成交：3.00000000，剩余：1.00000000。 订单部分成交
[info] 卖单 #订单号10 (卖家用户：2) 下单数量：5.00000000，原已成交：2.00000000，本次撮合：3.00000000，现已成交：5.00000000，剩余：0.00000000。 订单已完全成交
[info] 卖单 #订单号10 (卖家用户：2) 分批撮合完成，当前订单状态已改为完全成交。
[info1] 撮合成交：买单 #订单号9 (买家：1, 下单数量：4.00000000, 本次撮合：3.00000000) 与卖单 #订单号10 (卖家：2, 下单数量：5.00000000, 本次撮合：3.00000000) 成交，成交价：10.00000000。
[info] 开始撮合交易对：ETH_USDT
[info] 撮合脚本执行完毕
[info] 撮合订单任务开始执行 job 
[info] 开始批量撮合交易对
[info] 开始撮合交易对：BTC_USDT
[info] 开始撮合交易对：ETH_USDT
[info] 撮合脚本执行完毕
[info] 撮合订单任务开始执行 job 
[info] 开始批量撮合交易对
[info] 开始撮合交易对：BTC_USDT
[info] 买单 #订单号1 (买家用户：1) 下单数量：5.00000000，原已成交：2.00000000，本次撮合：3.00000000，现已成交：5.00000000，剩余：0.00000000。 订单已完全成交
[info] 买单 #订单号1 (买家用户：1) 分批撮合完成，当前订单状态已改为完全成交。
[info] 卖单 #订单号4 (卖家用户：2) 下单数量：7.00000000，原已成交：4.00000000，本次撮合：3.00000000，现已成交：7.00000000，剩余：0.00000000。 订单已完全成交
[info] 卖单 #订单号4 (卖家用户：2) 分批撮合完成，当前订单状态已改为完全成交。
[info] 撮合成交：买单 #订单号1 (买家：1, 下单数量：5.00000000, 本次撮合：3.00000000) 与卖单 #订单号4 (卖家：2, 下单数量：7.00000000, 本次撮合：3.00000000) 成交，成交价：10.00000000。
[info] 买单 #订单号5 (买家用户：1) 下单数量：8.00000000，原已成交：0.00000000，本次撮合：8.00000000，现已成交：8.00000000，剩余：0.00000000。 订单已完全成交
[info] 买单 #订单号5 (买家用户：1) 分批撮合完成，当前订单状态已改为完全成交。
[info] 卖单 #订单号8 (卖家用户：2) 下单数量：9.00000000，原已成交：0.00000000，本次撮合：8.00000000，现已成交：8.00000000，剩余：1.00000000。 订单部分成交
[info] 撮合成交：买单 #订单号5 (买家：1, 下单数量：8.00000000, 本次撮合：8.00000000) 与卖单 #订单号8 (卖家：2, 下单数量：9.00000000, 本次撮合：8.00000000) 成交，成交价：10.00000000。
[info] 买单 #订单号7 (买家用户：1) 下单数量：2.00000000，原已成交：1.00000000，本次撮合：1.00000000，现已成交：2.00000000，剩余：0.00000000。 订单已完全成交
[info] 买单 #订单号7 (买家用户：1) 分批撮合完成，当前订单状态已改为完全成交。
[info] 卖单 #订单号8 (卖家用户：2) 下单数量：9.00000000，原已成交：8.00000000，本次撮合：1.00000000，现已成交：9.00000000，剩余：0.00000000。 订单已完全成交
[info] 卖单 #订单号8 (卖家用户：2) 分批撮合完成，当前订单状态已改为完全成交。
[info] 撮合成交：买单 #订单号7 (买家：1, 下单数量：2.00000000, 本次撮合：1.00000000) 与卖单 #订单号8 (卖家：2, 下单数量：9.00000000, 本次撮合：1.00000000) 成交，成交价：10.00000000。
[info] 买单 #订单号9 (买家用户：1) 下单数量：4.00000000，原已成交：0.00000000，本次撮合：3.00000000，现已成交：3.00000000，剩余：1.00000000。 订单部分成交
[info] 卖单 #订单号10 (卖家用户：2) 下单数量：5.00000000，原已成交：2.00000000，本次撮合：3.00000000，现已成交：5.00000000，剩余：0.00000000。 订单已完全成交
[info] 卖单 #订单号10 (卖家用户：2) 分批撮合完成，当前订单状态已改为完全成交。
[info] 撮合成交：买单 #订单号9 (买家：1, 下单数量：4.00000000, 本次撮合：3.00000000) 与卖单 #订单号10 (卖家：2, 下单数量：5.00000000, 本次撮合：3.00000000) 成交，成交价：10.00000000。
[info] 开始撮合交易对：ETH_USDT
[info] 撮合脚本执行完毕
[info] 运行 MatchingEngineJob::run 成功
[info] 撮合订单任务开始执行 job
[info] 开始批量撮合交易对
[info] 开始撮合交易对：BTC_USDT
[info] 买单 #订单号1 (买家用户：1) 下单数量：5.00000000，原已成交：2.00000000，本次撮合：3.00000000，现已成交：5.00000000，剩余：0.00000000。 订单已完全成交
[info] 买单 #订单号1 (买家用户：1) 分批撮合完成，当前订单状态已改为完全成交。
[info] 卖单 #订单号4 (卖家用户：2) 下单数量：7.00000000，原已成交：4.00000000，本次撮合：3.00000000，现已成交：7.00000000，剩余：0.00000000。 订单已完全成交
[info] 卖单 #订单号4 (卖家用户：2) 分批撮合完成，当前订单状态已改为完全成交。
[info] 撮合成交：买单 #订单号1 (买家：1, 下单数量：5.00000000, 本次撮合：3.00000000) 与卖单 #订单号4 (卖家：2, 下单数量：7.00000000, 本次撮合：3.00000000) 成交，成交价：10.00000000。
[info] 买单 #订单号5 (买家用户：1) 下单数量：8.00000000，原已成交：0.00000000，本次撮合：8.00000000，现已成交：8.00000000，剩余：0.00000000。 订单已完全成交
[info] 买单 #订单号5 (买家用户：1) 分批撮合完成，当前订单状态已改为完全成交。
[info] 卖单 #订单号8 (卖家用户：2) 下单数量：9.00000000，原已成交：0.00000000，本次撮合：8.00000000，现已成交：8.00000000，剩余：1.00000000。 订单部分成交
[info] 撮合成交：买单 #订单号5 (买家：1, 下单数量：8.00000000, 本次撮合：8.00000000) 与卖单 #订单号8 (卖家：2, 下单数量：9.00000000, 本次撮合：8.00000000) 成交，成交价：10.00000000。
[info] 买单 #订单号7 (买家用户：1) 下单数量：2.00000000，原已成交：1.00000000，本次撮合：1.00000000，现已成交：2.00000000，剩余：0.00000000。 订单已完全成交
[info] 买单 #订单号7 (买家用户：1) 分批撮合完成，当前订单状态已改为完全成交。
[info] 卖单 #订单号8 (卖家用户：2) 下单数量：9.00000000，原已成交：8.00000000，本次撮合：1.00000000，现已成交：9.00000000，剩余：0.00000000。 订单已完全成交
[info] 卖单 #订单号8 (卖家用户：2) 分批撮合完成，当前订单状态已改为完全成交。
[info] 撮合成交：买单 #订单号7 (买家：1, 下单数量：2.00000000, 本次撮合：1.00000000) 与卖单 #订单号8 (卖家：2, 下单数量：9.00000000, 本次撮合：1.00000000) 成交，成交价：10.00000000。
[info] 买单 #订单号9 (买家用户：1) 下单数量：4.00000000，原已成交：0.00000000，本次撮合：3.00000000，现已成交：3.00000000，剩余：1.00000000。 订单部分成交
[info] 卖单 #订单号10 (卖家用户：2) 下单数量：5.00000000，原已成交：2.00000000，本次撮合：3.00000000，现已成交：5.00000000，剩余：0.00000000。 订单已完全成交
[info] 卖单 #订单号10 (卖家用户：2) 分批撮合完成，当前订单状态已改为完全成交。
[info] 撮合成交：买单 #订单号9 (买家：1, 下单数量：4.00000000, 本次撮合：3.00000000) 与卖单 #订单号10 (卖家：2, 下单数量：5.00000000, 本次撮合：3.00000000) 成交，成交价：10.00000000。
[info] 开始撮合交易对：ETH_USDT
[info] 撮合脚本执行完毕
[info] 开始批量撮合交易对
[info] 开始撮合交易对：BTC_USDT
[info] 开始撮合交易对：ETH_USDT
[info] 撮合脚本执行完毕
[info] 开始批量撮合交易对
[info] 开始撮合交易对：BTC_USDT
[info] 开始撮合交易对：ETH_USDT
[info] 撮合脚本执行完毕
[info] 开始批量撮合交易对
[info] 开始撮合交易对：BTC_USDT
[info] 开始撮合交易对：ETH_USDT
[info] 撮合脚本执行完毕
[info] 开始批量撮合交易对
[info] 开始撮合交易对：BTC_USDT
[info] 开始撮合交易对：ETH_USDT
[info] 撮合脚本执行完毕
[info] 开始批量撮合交易对
[info] 开始撮合交易对：BTC_USDT
[info] 开始撮合交易对：ETH_USDT
[info] 撮合脚本执行完毕
[info] 开始批量撮合交易对
[info] 开始撮合交易对：BTC_USDT
[info] 开始撮合交易对：ETH_USDT
[info] 撮合脚本执行完毕
[info] 开始批量撮合交易对
[info] 开始撮合交易对：BTC_USDT
[info] 开始撮合交易对：ETH_USDT
[info] 撮合脚本执行完毕
[info] 开始批量撮合交易对
[info] 开始撮合交易对：BTC_USDT
[info] 开始撮合交易对：ETH_USDT
[info] 撮合脚本执行完毕
[info] 开始批量撮合交易对
[info] 开始撮合交易对：BTC_USDT
[info] 开始撮合交易对：ETH_USDT
[info] 撮合脚本执行完毕
[info] 开始批量撮合交易对
[info] 开始撮合交易对：BTC_USDT
[info] 开始撮合交易对：ETH_USDT
[info] 撮合脚本执行完毕
[info] 开始批量撮合交易对
[info] 开始撮合交易对：BTC_USDT
[info] 开始撮合交易对：ETH_USDT
[info] 撮合脚本执行完毕
[info] 开始批量撮合交易对
[info] 开始撮合交易对：BTC_USDT
[info] 开始撮合交易对：ETH_USDT
[info] 撮合脚本执行完毕
[info] 开始批量撮合交易对
[info] 开始撮合交易对：BTC_USDT
[info] 开始撮合交易对：ETH_USDT
[info] 撮合脚本执行完毕
[info] 开始批量撮合交易对
[info] 开始撮合交易对：BTC_USDT
[info] 开始撮合交易对：ETH_USDT
[info] 撮合脚本执行完毕
[info] 开始批量撮合交易对
[info] 开始撮合交易对：BTC_USDT
[info] 开始撮合交易对：ETH_USDT
[info] 撮合脚本执行完毕
[info] 开始批量撮合交易对
[info] 开始撮合交易对：BTC_USDT
[info] 开始撮合交易对：ETH_USDT
[info] 撮合脚本执行完毕
[info] 开始批量撮合交易对
[info] 开始撮合交易对：BTC_USDT
[info] 开始撮合交易对：ETH_USDT
[info] 撮合脚本执行完毕
[info] 开始批量撮合交易对
[info] 开始撮合交易对：BTC_USDT
[info] 开始撮合交易对：ETH_USDT
[info] 撮合脚本执行完毕
[info] 开始批量撮合交易对
[info] 开始撮合交易对：BTC_USDT
[info] 开始撮合交易对：ETH_USDT
[info] 撮合脚本执行完毕
[info] 开始批量撮合交易对
[info] 开始撮合交易对：BTC_USDT
[info] 开始撮合交易对：ETH_USDT
[info] 撮合脚本执行完毕
[info] 开始批量撮合交易对
[info] 开始撮合交易对：BTC_USDT
[info] 开始撮合交易对：ETH_USDT
[info] 撮合脚本执行完毕
[info] 开始批量撮合交易对
[info] 开始撮合交易对：BTC_USDT
[info] 开始撮合交易对：ETH_USDT
[info] 撮合脚本执行完毕
[info] 开始批量撮合交易对
[info] 开始撮合交易对：BTC_USDT
[info] 开始撮合交易对：ETH_USDT
[info] 撮合脚本执行完毕
[info] 开始批量撮合交易对
[info] 开始撮合交易对：BTC_USDT
[info] 开始撮合交易对：ETH_USDT
[info] 撮合脚本执行完毕
[info] 开始批量撮合交易对
[info] 开始撮合交易对：BTC_USDT
[info] 开始撮合交易对：ETH_USDT
[info] 撮合脚本执行完毕
[info] 开始批量撮合交易对
[info] 开始撮合交易对：BTC_USDT
[info] 开始撮合交易对：ETH_USDT
[info] 撮合脚本执行完毕
[info] 开始批量撮合交易对
[info] 开始撮合交易对：BTC_USDT
[info] 开始撮合交易对：ETH_USDT
[info] 撮合脚本执行完毕
[info] 开始批量撮合交易对
[info] 开始撮合交易对：BTC_USDT
[info] 开始撮合交易对：ETH_USDT
[info] 撮合脚本执行完毕
[info] 开始批量撮合交易对
[info] 开始撮合交易对：BTC_USDT
[info] 开始撮合交易对：ETH_USDT
[info] 撮合脚本执行完毕
[info] 开始批量撮合交易对
[info] 开始撮合交易对：BTC_USDT
[info] 开始撮合交易对：ETH_USDT
[info] 撮合脚本执行完毕
[info] 开始批量撮合交易对
[info] 开始撮合交易对：BTC_USDT
[info] 开始撮合交易对：ETH_USDT
[info] 撮合脚本执行完毕
[info] 开始批量撮合交易对
[info] 开始撮合交易对：BTC_USDT
[info] 开始撮合交易对：ETH_USDT
[info] 撮合脚本执行完毕
[info] 开始批量撮合交易对
[info] 开始撮合交易对：BTC_USDT
[info] 开始撮合交易对：ETH_USDT
[info] 撮合脚本执行完毕
[info] 开始批量撮合交易对
[info] 开始撮合交易对：BTC_USDT
[info] 开始撮合交易对：ETH_USDT
[info] 撮合脚本执行完毕
[info] 开始批量撮合交易对
[info] 开始撮合交易对：BTC_USDT
[info] 开始撮合交易对：ETH_USDT
[info] 撮合脚本执行完毕
[info] 开始批量撮合交易对
[info] 开始撮合交易对：BTC_USDT
[info] 开始撮合交易对：ETH_USDT
[info] 撮合脚本执行完毕
[info] 开始批量撮合交易对
[info] 开始撮合交易对：BTC_USDT
[info] 开始撮合交易对：ETH_USDT
[info] 撮合脚本执行完毕
[info] 开始批量撮合交易对
[info] 开始撮合交易对：BTC_USDT
[info] 开始撮合交易对：ETH_USDT
[info] 撮合脚本执行完毕
[info] 开始批量撮合交易对
[info] 开始撮合交易对：BTC_USDT
[info] 开始撮合交易对：ETH_USDT
[info] 撮合脚本执行完毕
[info] 开始批量撮合交易对
[info] 开始撮合交易对：BTC_USDT
[info] 开始撮合交易对：ETH_USDT
[info] 撮合脚本执行完毕
[info] 开始批量撮合交易对
[info] 开始撮合交易对：BTC_USDT
[info] 开始撮合交易对：ETH_USDT
[info] 撮合脚本执行完毕
[info] 开始批量撮合交易对
[info] 开始撮合交易对：BTC_USDT
[info] 开始撮合交易对：ETH_USDT
[info] 撮合脚本执行完毕
[info] 开始批量撮合交易对
[info] 开始撮合交易对：BTC_USDT
[info] 开始撮合交易对：ETH_USDT
[info] 撮合脚本执行完毕
[info] 开始批量撮合交易对
[info] 开始撮合交易对：BTC_USDT
[info] 开始撮合交易对：ETH_USDT
[info] 撮合脚本执行完毕
[info] 开始批量撮合交易对
[info] 开始撮合交易对：BTC_USDT
[info] 开始撮合交易对：ETH_USDT
[info] 撮合脚本执行完毕
[info] 开始批量撮合交易对
[info] 开始撮合交易对：BTC_USDT
[info] 开始撮合交易对：ETH_USDT
[info] 撮合脚本执行完毕
[info] 开始批量撮合交易对
[info] 开始撮合交易对：BTC_USDT
[info] 开始撮合交易对：ETH_USDT
[info] 撮合脚本执行完毕
[info] 开始批量撮合交易对
[info] 开始撮合交易对：BTC_USDT
[info] 开始撮合交易对：ETH_USDT
[info] 撮合脚本执行完毕
[info] 开始批量撮合交易对
[info] 开始撮合交易对：BTC_USDT
[info] 开始撮合交易对：ETH_USDT
[info] 撮合脚本执行完毕
[info] 开始批量撮合交易对
[info] 开始撮合交易对：BTC_USDT
[info] 开始撮合交易对：ETH_USDT
[info] 撮合脚本执行完毕
[info] 开始批量撮合交易对
[info] 开始撮合交易对：BTC_USDT
[info] 开始撮合交易对：ETH_USDT
[info] 撮合脚本执行完毕
[info] 开始批量撮合交易对
[info] 开始撮合交易对：BTC_USDT
[info] 开始撮合交易对：ETH_USDT
[info] 撮合脚本执行完毕
[info] 撮合订单任务开始执行 job
[info] 开始批量撮合交易对
[info] 开始撮合交易对：BTC_USDT
[info] 开始撮合交易对：ETH_USDT
[info] 开始撮合交易对：BTC_USDT
[info] 开始撮合交易对：ETH_USDT
[info] 开始撮合交易对：BTC_USDT
[info] 开始撮合交易对：ETH_USDT
[info] 开始撮合交易对：BTC_USDT
[info] 开始撮合交易对：ETH_USDT
[info] 撮合订单任务开始执行 job
[info] 开始批量撮合交易对
[info] 开始撮合交易对：BTC_USDT
[info] 开始撮合交易对：BTC_USDT
[info] 开始撮合交易对：BTC_USDT
[info] 开始撮合交易对：BTC_USDT
[info] 开始撮合交易对：BTC_USDT
[info] 开始撮合交易对：BTC_USDT
[info] 开始撮合交易对：BTC_USDT
[info] 开始撮合交易对：BTC_USDT
[info] 开始撮合交易对：BTC_USDT
[info] 开始撮合交易对：BTC_USDT
[info] 开始撮合交易对：BTC_USDT
[info] 开始撮合交易对：BTC_USDT
[info] 开始撮合交易对：BTC_USDT
[info] 开始撮合交易对：BTC_USDT
[info] 开始撮合交易对：BTC_USDT
[info] 开始撮合交易对：BTC_USDT
[info] 开始撮合交易对：BTC_USDT
[info] 开始撮合交易对：BTC_USDT
[info] 开始撮合交易对：BTC_USDT
[info] 开始撮合交易对：BTC_USDT
[info] 开始撮合交易对：BTC_USDT
[info] 开始撮合交易对：BTC_USDT
[info] 开始撮合交易对：BTC_USDT
[info] 开始撮合交易对：BTC_USDT
[info] 开始撮合交易对：BTC_USDT
[info] 开始撮合交易对：BTC_USDT
[info] 开始撮合交易对：BTC_USDT
[info] 开始撮合交易对：BTC_USDT
[info] 开始撮合交易对：BTC_USDT
[info] 开始撮合交易对：BTC_USDT
[info] 开始撮合交易对：BTC_USDT
[info] 开始撮合交易对：BTC_USDT
[info] 开始撮合交易对：BTC_USDT
[info] 开始撮合交易对：BTC_USDT
[info] 开始撮合交易对：BTC_USDT
[info] 开始撮合交易对：BTC_USDT
[info] 开始撮合交易对：BTC_USDT
[info] 开始撮合交易对：BTC_USDT
[info] 开始撮合交易对：BTC_USDT
[info] 开始撮合交易对：BTC_USDT
[info] 开始撮合交易对：BTC_USDT
[info] 开始撮合交易对：BTC_USDT
[info] 开始撮合交易对：BTC_USDT
[info] 开始撮合交易对：BTC_USDT
[info] 开始撮合交易对：BTC_USDT
[info] 开始撮合交易对：BTC_USDT
[info] 开始撮合交易对：BTC_USDT
[info] 开始撮合交易对：BTC_USDT
[info] 开始撮合交易对：BTC_USDT
[info] 开始撮合交易对：BTC_USDT
[info] 开始撮合交易对：BTC_USDT
[info] 开始撮合交易对：BTC_USDT
[info] 开始撮合交易对：BTC_USDT
[info] 开始撮合交易对：BTC_USDT
[info] 开始撮合交易对：BTC_USDT
[info] 开始撮合交易对：BTC_USDT
[info] 开始撮合交易对：BTC_USDT
[info] 开始撮合交易对：BTC_USDT
[info] 开始撮合交易对：BTC_USDT
[info] 开始撮合交易对：BTC_USDT
[info] 开始撮合交易对：BTC_USDT
[info] 开始撮合交易对：BTC_USDT
[info] 开始撮合交易对：BTC_USDT
[info] 开始撮合交易对：BTC_USDT
[info] 开始撮合交易对：BTC_USDT
[info] 开始撮合交易对：BTC_USDT
[info] 开始撮合交易对：BTC_USDT
[info] 开始撮合交易对：BTC_USDT
[info] 开始撮合交易对：BTC_USDT
[info] 开始撮合交易对：BTC_USDT
[info] 开始撮合交易对：BTC_USDT
[info] 开始撮合交易对：BTC_USDT
[info] 开始撮合交易对：BTC_USDT
[info] 用户已登录，用户ID：1
[info] 开始撮合交易对：BTC_USDT
[info] 买单 #订单号9 (买家用户：2) 下单数量：4.00000000，原已成交：3.00000000，本次撮合：1.00000000，现已成交：4.00000000，剩余：0.00000000。 订单已完全成交
[info] 买单 #订单号9 (买家用户：2) 分批撮合完成，当前订单状态已改为完全成交。
[info] 卖单 #订单号1742747659816473 (卖家用户：1) 下单数量：1.00000000，原已成交：0.00000000，本次撮合：1.00000000，现已成交：1.00000000，剩余：0.00000000。 订单已完全成交
[info] 卖单 #订单号1742747659816473 (卖家用户：1) 分批撮合完成，当前订单状态已改为完全成交。
[info] 撮合成交：买单 #订单号9 (买家：2, 下单数量：4.00000000, 本次撮合：1.00000000) 与卖单 #订单号1742747659816473 (卖家：1, 下单数量：1.00000000, 本次撮合：1.00000000) 成交，成交价：10.00000000。
[info] 用户已登录，用户ID：1
[info] 用户已登录，用户ID：1
[info] 用户已登录，用户ID：1
[info] 用户已登录，用户ID：1
[info] 用户已登录，用户ID：1
[info] 用户已登录，用户ID：1
[info] 用户已登录，用户ID：1
[info] 用户已登录，用户ID：1
[info] 开始撮合交易对：BTC_USDT
[info] 买单 #订单号1 (买家用户：1) 下单数量：5.00000000，原已成交：2.00000000，本次撮合：3.00000000，现已成交：5.00000000，剩余：0.00000000。 订单已完全成交
[info] 买单 #订单号1 (买家用户：1) 分批撮合完成，当前订单状态已改为完全成交。
[info] 卖单 #订单号4 (卖家用户：2) 下单数量：7.00000000，原已成交：4.00000000，本次撮合：3.00000000，现已成交：7.00000000，剩余：0.00000000。 订单已完全成交
[info] 卖单 #订单号4 (卖家用户：2) 分批撮合完成，当前订单状态已改为完全成交。
[info] 撮合成交：买单 #订单号1 (买家：1, 下单数量：5.00000000, 本次撮合：3.00000000) 与卖单 #订单号4 (卖家：2, 下单数量：7.00000000, 本次撮合：3.00000000) 成交，成交价：10.00000000。
[info] 买单 #订单号5 (买家用户：1) 下单数量：8.00000000，原已成交：0.00000000，本次撮合：8.00000000，现已成交：8.00000000，剩余：0.00000000。 订单已完全成交
[info] 买单 #订单号5 (买家用户：1) 分批撮合完成，当前订单状态已改为完全成交。
[info] 卖单 #订单号8 (卖家用户：2) 下单数量：9.00000000，原已成交：0.00000000，本次撮合：8.00000000，现已成交：8.00000000，剩余：1.00000000。 订单部分成交
[info] 撮合成交：买单 #订单号5 (买家：1, 下单数量：8.00000000, 本次撮合：8.00000000) 与卖单 #订单号8 (卖家：2, 下单数量：9.00000000, 本次撮合：8.00000000) 成交，成交价：10.00000000。
[info] 买单 #订单号7 (买家用户：1) 下单数量：2.00000000，原已成交：1.00000000，本次撮合：1.00000000，现已成交：2.00000000，剩余：0.00000000。 订单已完全成交
[info] 买单 #订单号7 (买家用户：1) 分批撮合完成，当前订单状态已改为完全成交。
[info] 卖单 #订单号8 (卖家用户：2) 下单数量：9.00000000，原已成交：8.00000000，本次撮合：1.00000000，现已成交：9.00000000，剩余：0.00000000。 订单已完全成交
[info] 卖单 #订单号8 (卖家用户：2) 分批撮合完成，当前订单状态已改为完全成交。
[info] 撮合成交：买单 #订单号7 (买家：1, 下单数量：2.00000000, 本次撮合：1.00000000) 与卖单 #订单号8 (卖家：2, 下单数量：9.00000000, 本次撮合：1.00000000) 成交，成交价：10.00000000。
[info] 买单 #订单号9 (买家用户：1) 下单数量：4.00000000，原已成交：0.00000000，本次撮合：3.00000000，现已成交：3.00000000，剩余：1.00000000。 订单部分成交
[info] 卖单 #订单号10 (卖家用户：2) 下单数量：5.00000000，原已成交：2.00000000，本次撮合：3.00000000，现已成交：5.00000000，剩余：0.00000000。 订单已完全成交
[info] 卖单 #订单号10 (卖家用户：2) 分批撮合完成，当前订单状态已改为完全成交。
[info] 撮合成交：买单 #订单号9 (买家：1, 下单数量：4.00000000, 本次撮合：3.00000000) 与卖单 #订单号10 (卖家：2, 下单数量：5.00000000, 本次撮合：3.00000000) 成交，成交价：10.00000000。
[info] 开始撮合交易对：BTC_USDT
[info] 开始撮合交易对：BTC_USDT
[info] 开始撮合交易对：BTC_USDT
[info] 开始撮合交易对：BTC_USDT
[info] 开始撮合交易对：BTC_USDT
[info] 开始撮合交易对：BTC_USDT
[info] 开始撮合交易对：BTC_USDT
[info] 开始撮合交易对：BTC_USDT
[info] 用户已登录，用户ID：1
[info] 开始撮合交易对：BTC_USDT
[info] 开始撮合交易对：BTC_USDT
[info] 开始撮合交易对：BTC_USDT
[info] 用户已登录，用户ID：1
[info] 开始撮合交易对：BTC_USDT
[info] 用户已登录，用户ID：1
[info] 用户已登录，用户ID：1
[info] 用户已登录，用户ID：1
[info] 用户已登录，用户ID：1
[info] 开始撮合交易对：BTC_USDT
[info] 开始撮合交易对：BTC_USDT
[info] 开始撮合交易对：BTC_USDT
[info] 开始撮合交易对：BTC_USDT
[info] 开始撮合交易对：BTC_USDT
[info] 开始撮合交易对：BTC_USDT
[info] 开始撮合交易对：BTC_USDT
[info] 开始撮合交易对：BTC_USDT
[info] 开始撮合交易对：BTC_USDT
[info] 开始撮合交易对：BTC_USDT
[info] 开始撮合交易对：BTC_USDT
[info] 开始撮合交易对：BTC_USDT
[info] 开始撮合交易对：BTC_USDT
[info] 开始撮合交易对：BTC_USDT
[info] 开始撮合交易对：BTC_USDT
[info] 开始撮合交易对：BTC_USDT
[info] 开始撮合交易对：BTC_USDT
[info] 开始撮合交易对：BTC_USDT
[info] 开始撮合交易对：BTC_USDT
[info] 开始撮合交易对：BTC_USDT
[info] 开始撮合交易对：BTC_USDT
[info] 开始撮合交易对：BTC_USDT
[info] 开始撮合交易对：BTC_USDT
[info] 开始撮合交易对：BTC_USDT
[info] 开始撮合交易对：BTC_USDT
[info] 开始撮合交易对：BTC_USDT
[info] 开始撮合交易对：BTC_USDT
[info] 开始撮合交易对：BTC_USDT
[info] 开始撮合交易对：BTC_USDT
[info] 开始撮合交易对：BTC_USDT
[info] 开始撮合交易对：BTC_USDT
[info] 开始撮合交易对：BTC_USDT
[info] 开始撮合交易对：BTC_USDT
[info] 开始撮合交易对：BTC_USDT
[info] 开始撮合交易对：BTC_USDT
[info] 开始撮合交易对：BTC_USDT
[info] 开始撮合交易对：BTC_USDT
[info] 开始撮合交易对：BTC_USDT
[info] 开始撮合交易对：BTC_USDT
[info] 开始撮合交易对：BTC_USDT
[info] 开始撮合交易对：BTC_USDT
[info] 开始撮合交易对：BTC_USDT
[info] 开始撮合交易对：BTC_USDT
[info] 开始撮合交易对：BTC_USDT
[info] 开始撮合交易对：BTC_USDT
[info] 开始撮合交易对：BTC_USDT
[info] 开始撮合交易对：BTC_USDT
[info] 开始撮合交易对：BTC_USDT
[info] 开始撮合交易对：BTC_USDT
[info] 开始撮合交易对：BTC_USDT
[info] 开始撮合交易对：BTC_USDT
[info] 开始撮合交易对：BTC_USDT
[info] 开始撮合交易对：BTC_USDT
[info] 开始撮合交易对：BTC_USDT
[info] 开始撮合交易对：BTC_USDT
[info] 开始撮合交易对：BTC_USDT
[info] 开始撮合交易对：BTC_USDT
[info] 开始撮合交易对：BTC_USDT
[info] 开始撮合交易对：BTC_USDT
[info] 开始撮合交易对：BTC_USDT
[info] 开始撮合交易对：BTC_USDT
[info] 开始撮合交易对：BTC_USDT
[info] 开始撮合交易对：BTC_USDT
[info] 开始撮合交易对：BTC_USDT
[info] 开始撮合交易对：BTC_USDT
[info] 开始撮合交易对：BTC_USDT
[info] 开始撮合交易对：BTC_USDT
[info] 开始撮合交易对：BTC_USDT
[info] 开始撮合交易对：BTC_USDT
[info] 开始撮合交易对：BTC_USDT
[info] 开始撮合交易对：BTC_USDT
[info] 开始撮合交易对：BTC_USDT
[info] 开始撮合交易对：BTC_USDT
[info] 开始撮合交易对：BTC_USDT
[info] 开始撮合交易对：BTC_USDT
[info] 开始撮合交易对：BTC_USDT
[info] 开始撮合交易对：BTC_USDT
[info] 开始撮合交易对：BTC_USDT
[info] 开始撮合交易对：BTC_USDT
[info] 开始撮合交易对：BTC_USDT
[info] 开始撮合交易对：BTC_USDT
[info] 开始撮合交易对：BTC_USDT
[info] 开始撮合交易对：BTC_USDT
[info] 开始撮合交易对：BTC_USDT
[info] 开始撮合交易对：BTC_USDT
[info] 开始撮合交易对：BTC_USDT
[info] 开始撮合交易对：BTC_USDT
[info] 开始撮合交易对：BTC_USDT
[info] 开始撮合交易对：BTC_USDT
[info] 开始撮合交易对：BTC_USDT
[info] 开始撮合交易对：BTC_USDT
[info] 开始撮合交易对：BTC_USDT
[info] 开始撮合交易对：BTC_USDT
[info] 开始撮合交易对：BTC_USDT
[info] 开始撮合交易对：BTC_USDT
[info] 开始撮合交易对：BTC_USDT
[info] 开始撮合交易对：BTC_USDT
[info] 开始撮合交易对：BTC_USDT
[info] 开始撮合交易对：BTC_USDT
[info] 开始撮合交易对：BTC_USDT
[info] 开始撮合交易对：BTC_USDT
[info] 开始撮合交易对：BTC_USDT
[info] 开始撮合交易对：BTC_USDT
[info] 开始撮合交易对：BTC_USDT
[info] 开始撮合交易对：BTC_USDT
[info] 开始撮合交易对：BTC_USDT
[info] 开始撮合交易对：BTC_USDT
[info] 开始撮合交易对：BTC_USDT
[info] 开始撮合交易对：BTC_USDT
[info] 开始撮合交易对：BTC_USDT
[info] 开始撮合交易对：BTC_USDT
[info] 开始撮合交易对：BTC_USDT
[info] 开始撮合交易对：BTC_USDT
[info] 开始撮合交易对：BTC_USDT
[info] 开始撮合交易对：BTC_USDT
[info] 开始撮合交易对：BTC_USDT
[info] 开始撮合交易对：BTC_USDT
[info] 开始撮合交易对：BTC_USDT
[info] 开始撮合交易对：BTC_USDT
[info] 开始撮合交易对：BTC_USDT
[info] 开始撮合交易对：BTC_USDT
[info] 开始撮合交易对：BTC_USDT
[info] 开始撮合交易对：BTC_USDT
[info] 开始撮合交易对：BTC_USDT
[info] 开始撮合交易对：BTC_USDT
[info] 开始撮合交易对：BTC_USDT
[info] 开始撮合交易对：BTC_USDT
[info] 开始撮合交易对：BTC_USDT
[info] 开始撮合交易对：BTC_USDT
[info] 开始撮合交易对：BTC_USDT
[info] 开始撮合交易对：BTC_USDT
[info] 开始撮合交易对：BTC_USDT
[info] 开始撮合交易对：BTC_USDT
[info] 开始撮合交易对：BTC_USDT
[info] 开始撮合交易对：BTC_USDT
[info] 开始撮合交易对：BTC_USDT
[info] 开始撮合交易对：BTC_USDT
[info] 开始撮合交易对：BTC_USDT
[info] 开始撮合交易对：BTC_USDT
[info] 开始撮合交易对：BTC_USDT
[info] 开始撮合交易对：BTC_USDT
[info] 开始撮合交易对：BTC_USDT
[info] 开始撮合交易对：BTC_USDT
[info] 开始撮合交易对：BTC_USDT
[info] 开始撮合交易对：BTC_USDT
[info] 开始撮合交易对：BTC_USDT
[info] 开始撮合交易对：BTC_USDT
[info] 开始撮合交易对：BTC_USDT
[info] 开始撮合交易对：BTC_USDT
[info] 开始撮合交易对：BTC_USDT
[info] 开始撮合交易对：BTC_USDT
[info] 开始撮合交易对：BTC_USDT
[info] 开始撮合交易对：BTC_USDT
[info] 开始撮合交易对：BTC_USDT
[info] 开始撮合交易对：BTC_USDT
[info] 开始撮合交易对：BTC_USDT
[info] 开始撮合交易对：BTC_USDT
[info] 开始撮合交易对：BTC_USDT
[info] 开始撮合交易对：BTC_USDT
[info] 开始撮合交易对：BTC_USDT
[info] 开始撮合交易对：BTC_USDT
[info] 开始撮合交易对：BTC_USDT
[info] 开始撮合交易对：BTC_USDT
[info] 开始撮合交易对：BTC_USDT
[info] 开始撮合交易对：BTC_USDT
[info] 开始撮合交易对：BTC_USDT
[info] 开始撮合交易对：BTC_USDT
[info] 开始撮合交易对：BTC_USDT
[info] 开始撮合交易对：BTC_USDT
[info] 开始撮合交易对：BTC_USDT
[info] 开始撮合交易对：BTC_USDT
[info] 开始撮合交易对：BTC_USDT
[info] 开始撮合交易对：BTC_USDT
[info] 开始撮合交易对：BTC_USDT
[info] 开始撮合交易对：BTC_USDT
[info] 开始撮合交易对：BTC_USDT
[info] 开始撮合交易对：BTC_USDT
[info] 开始撮合交易对：BTC_USDT
[info] 开始撮合交易对：BTC_USDT
[info] 开始撮合交易对：BTC_USDT
[info] 开始撮合交易对：BTC_USDT
[info] 开始撮合交易对：BTC_USDT
[info] 开始撮合交易对：BTC_USDT
[info] 开始撮合交易对：BTC_USDT
[info] 开始撮合交易对：BTC_USDT
[info] 开始撮合交易对：BTC_USDT
[info] 开始撮合交易对：BTC_USDT
[info] 开始撮合交易对：BTC_USDT
[info] 开始撮合交易对：BTC_USDT
[info] 开始撮合交易对：BTC_USDT
[info] 开始撮合交易对：BTC_USDT
[info] 开始撮合交易对：BTC_USDT
[info] 开始撮合交易对：BTC_USDT
[info] 开始撮合交易对：BTC_USDT
[info] 开始撮合交易对：BTC_USDT
[info] 开始撮合交易对：BTC_USDT
[info] 开始撮合交易对：BTC_USDT
[info] 开始撮合交易对：BTC_USDT
[info] 开始撮合交易对：BTC_USDT
[info] 开始撮合交易对：BTC_USDT
[info] 开始撮合交易对：BTC_USDT
[info] 开始撮合交易对：BTC_USDT
[info] 开始撮合交易对：BTC_USDT
[info] 开始撮合交易对：BTC_USDT
[info] 开始撮合交易对：BTC_USDT
[info] 开始撮合交易对：BTC_USDT
[info] 开始撮合交易对：BTC_USDT
[info] 开始撮合交易对：BTC_USDT
[info] 开始撮合交易对：BTC_USDT
[info] 开始撮合交易对：BTC_USDT
[info] 开始撮合交易对：BTC_USDT
[info] 开始撮合交易对：BTC_USDT
[info] 开始撮合交易对：BTC_USDT
[info] 开始撮合交易对：BTC_USDT
[info] 开始撮合交易对：BTC_USDT
[info] 开始撮合交易对：BTC_USDT
[info] 开始撮合交易对：BTC_USDT
[info] 开始撮合交易对：BTC_USDT
[info] 开始撮合交易对：BTC_USDT
[info] 开始撮合交易对：BTC_USDT
[info] 开始撮合交易对：BTC_USDT
[info] 开始撮合交易对：BTC_USDT
[info] 开始撮合交易对：BTC_USDT
[info] 开始撮合交易对：BTC_USDT
[info] 开始撮合交易对：BTC_USDT
[info] 开始撮合交易对：BTC_USDT
[info] 开始撮合交易对：BTC_USDT
[info] 开始撮合交易对：BTC_USDT
[info] 开始撮合交易对：BTC_USDT
[info] 开始撮合交易对：BTC_USDT
[info] 开始撮合交易对：BTC_USDT
[info] 开始撮合交易对：BTC_USDT
[info] 开始撮合交易对：BTC_USDT
[info] 开始撮合交易对：BTC_USDT
[info] 开始撮合交易对：BTC_USDT
[info] 开始撮合交易对：BTC_USDT
[info] 开始撮合交易对：BTC_USDT
[info] 开始撮合交易对：BTC_USDT
[info] 开始撮合交易对：BTC_USDT
[info] 开始撮合交易对：BTC_USDT
[info] 开始撮合交易对：BTC_USDT
[info] 开始撮合交易对：BTC_USDT
[info] 开始撮合交易对：BTC_USDT
[info] 开始撮合交易对：BTC_USDT
[info] 开始撮合交易对：BTC_USDT
[info] 开始撮合交易对：BTC_USDT
[info] 开始撮合交易对：BTC_USDT
[info] 开始撮合交易对：BTC_USDT
[info] 开始撮合交易对：BTC_USDT
[info] 开始撮合交易对：BTC_USDT
[info] 开始撮合交易对：BTC_USDT
[info] 开始撮合交易对：BTC_USDT
[info] 开始撮合交易对：BTC_USDT
[info] 开始撮合交易对：BTC_USDT
[info] 开始撮合交易对：BTC_USDT
[info] 开始撮合交易对：BTC_USDT
[info] 开始撮合交易对：BTC_USDT
[info] 开始撮合交易对：BTC_USDT
[info] 开始撮合交易对：BTC_USDT
[info] 开始撮合交易对：BTC_USDT
[info] 开始撮合交易对：BTC_USDT
[info] 开始撮合交易对：BTC_USDT
[info] 开始撮合交易对：BTC_USDT
[info] 开始撮合交易对：BTC_USDT
[info] 开始撮合交易对：BTC_USDT
[info] 开始撮合交易对：BTC_USDT
[info] 开始撮合交易对：BTC_USDT
[info] 开始撮合交易对：BTC_USDT
[info] 开始撮合交易对：BTC_USDT
[info] 开始撮合交易对：BTC_USDT
[info] 开始撮合交易对：BTC_USDT
[info] 开始撮合交易对：BTC_USDT
[info] 开始撮合交易对：BTC_USDT
[info] 开始撮合交易对：BTC_USDT
[info] 开始撮合交易对：BTC_USDT
[info] 开始撮合交易对：BTC_USDT
[info] 开始撮合交易对：BTC_USDT
[info] 开始撮合交易对：BTC_USDT
[info] 开始撮合交易对：BTC_USDT
[info] 开始撮合交易对：BTC_USDT
[info] 开始撮合交易对：BTC_USDT
[info] 开始撮合交易对：BTC_USDT
[info] 开始撮合交易对：BTC_USDT
[info] 开始撮合交易对：BTC_USDT
[info] 开始撮合交易对：BTC_USDT
[info] 开始撮合交易对：BTC_USDT
[info] 开始撮合交易对：BTC_USDT
[info] 开始撮合交易对：BTC_USDT
[info] 开始撮合交易对：BTC_USDT
[info] 开始撮合交易对：BTC_USDT
[info] 开始撮合交易对：BTC_USDT
[info] 开始撮合交易对：BTC_USDT
[info] 开始撮合交易对：BTC_USDT
[info] 开始撮合交易对：BTC_USDT
[info] 开始撮合交易对：BTC_USDT
[info] 开始撮合交易对：BTC_USDT
[info] 开始撮合交易对：BTC_USDT
[info] 开始撮合交易对：BTC_USDT
[info] 开始撮合交易对：BTC_USDT
[info] 开始撮合交易对：BTC_USDT
[info] 开始撮合交易对：BTC_USDT
[info] 开始撮合交易对：BTC_USDT
[info] 开始撮合交易对：BTC_USDT
[info] 开始撮合交易对：BTC_USDT
[info] 开始撮合交易对：BTC_USDT
[info] 开始撮合交易对：BTC_USDT
[info] 开始撮合交易对：BTC_USDT
[info] 开始撮合交易对：BTC_USDT
[info] 开始撮合交易对：BTC_USDT
[info] 开始撮合交易对：BTC_USDT
[info] 开始撮合交易对：BTC_USDT
[info] 开始撮合交易对：BTC_USDT
[info] 开始撮合交易对：BTC_USDT
[info] 开始撮合交易对：BTC_USDT
[info] 开始撮合交易对：BTC_USDT
[info] 开始撮合交易对：BTC_USDT
[info] 开始撮合交易对：BTC_USDT
[info] 开始撮合交易对：BTC_USDT
[info] 开始撮合交易对：BTC_USDT
[info] 开始撮合交易对：BTC_USDT
[info] 开始撮合交易对：BTC_USDT
[info] 开始撮合交易对：BTC_USDT
[info] 开始撮合交易对：BTC_USDT
[info] 开始撮合交易对：BTC_USDT
[info] 开始撮合交易对：BTC_USDT
[info] 开始撮合交易对：BTC_USDT
[info] 开始撮合交易对：BTC_USDT
[info] 开始撮合交易对：BTC_USDT
[info] 开始撮合交易对：BTC_USDT
[info] 开始撮合交易对：BTC_USDT
[info] 开始撮合交易对：BTC_USDT
[info] 开始撮合交易对：BTC_USDT
[info] 开始撮合交易对：BTC_USDT
[info] 开始撮合交易对：BTC_USDT
[info] 开始撮合交易对：BTC_USDT
[info] 开始撮合交易对：BTC_USDT
[info] 开始撮合交易对：BTC_USDT
[info] 开始撮合交易对：BTC_USDT
[info] 开始撮合交易对：BTC_USDT
[info] 开始撮合交易对：BTC_USDT
[info] 开始撮合交易对：BTC_USDT
[info] 开始撮合交易对：BTC_USDT
[info] 开始撮合交易对：BTC_USDT
[info] 开始撮合交易对：BTC_USDT
[info] 开始撮合交易对：BTC_USDT
[info] 开始撮合交易对：BTC_USDT
[info] 开始撮合交易对：BTC_USDT
[info] 开始撮合交易对：BTC_USDT
[info] 开始撮合交易对：BTC_USDT
[info] 开始撮合交易对：BTC_USDT
[info] 开始撮合交易对：BTC_USDT
[info] 开始撮合交易对：BTC_USDT
[info] 开始撮合交易对：BTC_USDT
[info] 开始撮合交易对：BTC_USDT
[info] 开始撮合交易对：BTC_USDT
[info] 开始撮合交易对：BTC_USDT
[info] 开始撮合交易对：BTC_USDT
[info] 开始撮合交易对：BTC_USDT
[info] 开始撮合交易对：BTC_USDT
[info] 开始撮合交易对：BTC_USDT
[info] 开始撮合交易对：BTC_USDT
[info] 开始撮合交易对：BTC_USDT
[info] 开始撮合交易对：BTC_USDT
[info] 开始撮合交易对：BTC_USDT
[info] 开始撮合交易对：BTC_USDT
[info] 开始撮合交易对：BTC_USDT
[info] 开始撮合交易对：BTC_USDT
[info] 开始撮合交易对：BTC_USDT
[info] 开始撮合交易对：BTC_USDT
[info] 开始撮合交易对：BTC_USDT
[info] 开始撮合交易对：BTC_USDT
[info] 开始撮合交易对：BTC_USDT
[info] 开始撮合交易对：BTC_USDT
[info] 开始撮合交易对：BTC_USDT
[info] 开始撮合交易对：BTC_USDT
[info] 开始撮合交易对：BTC_USDT
[info] 开始撮合交易对：BTC_USDT
[info] 开始撮合交易对：BTC_USDT
[info] 开始撮合交易对：BTC_USDT
[info] 开始撮合交易对：BTC_USDT
[info] 开始撮合交易对：BTC_USDT
[info] 开始撮合交易对：BTC_USDT
[info] 开始撮合交易对：BTC_USDT
[info] 开始撮合交易对：BTC_USDT
[info] 开始撮合交易对：BTC_USDT
[info] 开始撮合交易对：BTC_USDT
[info] 开始撮合交易对：BTC_USDT
[info] 开始撮合交易对：BTC_USDT
[info] 开始撮合交易对：BTC_USDT
[info] 开始撮合交易对：BTC_USDT
[info] 开始撮合交易对：BTC_USDT
[info] 开始撮合交易对：BTC_USDT
[info] 开始撮合交易对：BTC_USDT
[info] 开始撮合交易对：BTC_USDT
[info] 开始撮合交易对：BTC_USDT
[info] 开始撮合交易对：BTC_USDT
[info] 开始撮合交易对：BTC_USDT
[info] 开始撮合交易对：BTC_USDT
[info] 开始撮合交易对：BTC_USDT
[info] 开始撮合交易对：BTC_USDT
[info] 开始撮合交易对：BTC_USDT
[info] 开始撮合交易对：BTC_USDT
[info] 开始撮合交易对：BTC_USDT
[info] 开始撮合交易对：BTC_USDT
[info] 开始撮合交易对：BTC_USDT
[info] 开始撮合交易对：BTC_USDT
[info] 开始撮合交易对：BTC_USDT
[info] 开始撮合交易对：BTC_USDT
[info] 开始撮合交易对：BTC_USDT
[info] 开始撮合交易对：BTC_USDT
[info] 开始撮合交易对：BTC_USDT
[info] 开始撮合交易对：BTC_USDT
[info] 开始撮合交易对：BTC_USDT
[info] 开始撮合交易对：BTC_USDT
[info] 开始撮合交易对：BTC_USDT
[info] 开始撮合交易对：BTC_USDT
[info] 开始撮合交易对：BTC_USDT
[info] 开始撮合交易对：BTC_USDT
[info] 开始撮合交易对：BTC_USDT
[info] 开始撮合交易对：BTC_USDT
[info] 开始撮合交易对：BTC_USDT
[info] 开始撮合交易对：BTC_USDT
[info] 开始撮合交易对：BTC_USDT
[info] 开始撮合交易对：BTC_USDT
[info] 开始撮合交易对：BTC_USDT
[info] 开始撮合交易对：BTC_USDT
[info] 开始撮合交易对：BTC_USDT
[info] 开始撮合交易对：BTC_USDT
[info] 开始撮合交易对：BTC_USDT
[info] 开始撮合交易对：BTC_USDT
[info] 开始撮合交易对：BTC_USDT
[info] 开始撮合交易对：BTC_USDT
[info] 开始撮合交易对：BTC_USDT
[info] 开始撮合交易对：BTC_USDT
[info] 开始撮合交易对：BTC_USDT
[info] 开始撮合交易对：BTC_USDT
[info] 开始撮合交易对：BTC_USDT
[info] 开始撮合交易对：BTC_USDT
[info] 开始撮合交易对：BTC_USDT
[info] 开始撮合交易对：BTC_USDT
[info] 开始撮合交易对：BTC_USDT
[info] 开始撮合交易对：BTC_USDT
[info] 开始撮合交易对：BTC_USDT
[info] 开始撮合交易对：BTC_USDT
[info] 开始撮合交易对：BTC_USDT
[info] 开始撮合交易对：BTC_USDT
[info] 开始撮合交易对：BTC_USDT
[info] 开始撮合交易对：BTC_USDT
[info] 开始撮合交易对：BTC_USDT
[info] 开始撮合交易对：BTC_USDT
[info] 开始撮合交易对：BTC_USDT
[info] 开始撮合交易对：BTC_USDT
[info] 开始撮合交易对：BTC_USDT
[info] 开始撮合交易对：BTC_USDT
[info] 开始撮合交易对：BTC_USDT
[info] 开始撮合交易对：BTC_USDT
[info] 开始撮合交易对：BTC_USDT
[info] 开始撮合交易对：BTC_USDT
[info] 开始撮合交易对：BTC_USDT
[info] 开始撮合交易对：BTC_USDT
[info] 开始撮合交易对：BTC_USDT
[info] 开始撮合交易对：BTC_USDT
[info] 开始撮合交易对：BTC_USDT
[info] 开始撮合交易对：BTC_USDT
[info] 开始撮合交易对：BTC_USDT
[info] 开始撮合交易对：BTC_USDT
[info] 开始撮合交易对：BTC_USDT
[info] 开始撮合交易对：BTC_USDT
[info] 开始撮合交易对：BTC_USDT
[info] 开始撮合交易对：BTC_USDT
[info] 开始撮合交易对：BTC_USDT
[info] 开始撮合交易对：BTC_USDT
[info] 开始撮合交易对：BTC_USDT
[info] 开始撮合交易对：BTC_USDT
[info] 开始撮合交易对：BTC_USDT
[info] 开始撮合交易对：BTC_USDT
[info] 开始撮合交易对：BTC_USDT
[info] 开始撮合交易对：BTC_USDT
[info] 开始撮合交易对：BTC_USDT
[info] 开始撮合交易对：BTC_USDT
[info] 开始撮合交易对：BTC_USDT
[info] 开始撮合交易对：BTC_USDT
[info] 开始撮合交易对：BTC_USDT
[info] 开始撮合交易对：BTC_USDT
[info] 开始撮合交易对：BTC_USDT
[info] 开始撮合交易对：BTC_USDT
[info] 开始撮合交易对：BTC_USDT
[info] 开始撮合交易对：BTC_USDT
[info] 开始撮合交易对：BTC_USDT
[info] 开始撮合交易对：BTC_USDT
[info] 开始撮合交易对：BTC_USDT
[info] 开始撮合交易对：BTC_USDT
[info] 开始撮合交易对：BTC_USDT
[info] 开始撮合交易对：BTC_USDT
[info] 开始撮合交易对：BTC_USDT
[info] 开始撮合交易对：BTC_USDT
[info] 开始撮合交易对：BTC_USDT
[info] 开始撮合交易对：BTC_USDT
[info] 开始撮合交易对：BTC_USDT
[info] 开始撮合交易对：BTC_USDT
[info] 开始撮合交易对：BTC_USDT
[info] 开始撮合交易对：BTC_USDT
[info] 开始撮合交易对：BTC_USDT
[info] 开始撮合交易对：BTC_USDT
[info] 开始撮合交易对：BTC_USDT
[info] 开始撮合交易对：BTC_USDT
[info] 开始撮合交易对：BTC_USDT
[info] 开始撮合交易对：BTC_USDT
[info] 开始撮合交易对：BTC_USDT
[info] 开始撮合交易对：BTC_USDT
[info] 开始撮合交易对：BTC_USDT
[info] 开始撮合交易对：BTC_USDT
[info] 开始撮合交易对：BTC_USDT
[info] 开始撮合交易对：BTC_USDT
[info] 开始撮合交易对：BTC_USDT
[info] 买单 #订单号1 (买家用户：1) 下单数量：5.00000000，原已成交：2.00000000，本次撮合：3.00000000，现已成交：5.00000000，剩余：0.00000000。 订单已完全成交
[info] 买单 #订单号1 (买家用户：1) 分批撮合完成，当前订单状态已改为完全成交。
[info] 卖单 #订单号4 (卖家用户：2) 下单数量：7.00000000，原已成交：4.00000000，本次撮合：3.00000000，现已成交：7.00000000，剩余：0.00000000。 订单已完全成交
[info] 卖单 #订单号4 (卖家用户：2) 分批撮合完成，当前订单状态已改为完全成交。
[info] 撮合成交：买单 #订单号1 (买家：1, 下单数量：5.00000000, 本次撮合：3.00000000) 与卖单 #订单号4 (卖家：2, 下单数量：7.00000000, 本次撮合：3.00000000) 成交，成交价：10.00000000。
[info] 买单 #订单号5 (买家用户：1) 下单数量：8.00000000，原已成交：0.00000000，本次撮合：8.00000000，现已成交：8.00000000，剩余：0.00000000。 订单已完全成交
[info] 买单 #订单号5 (买家用户：1) 分批撮合完成，当前订单状态已改为完全成交。
[info] 卖单 #订单号8 (卖家用户：2) 下单数量：9.00000000，原已成交：0.00000000，本次撮合：8.00000000，现已成交：8.00000000，剩余：1.00000000。 订单部分成交
[info] 撮合成交：买单 #订单号5 (买家：1, 下单数量：8.00000000, 本次撮合：8.00000000) 与卖单 #订单号8 (卖家：2, 下单数量：9.00000000, 本次撮合：8.00000000) 成交，成交价：10.00000000。
[info] 买单 #订单号7 (买家用户：1) 下单数量：2.00000000，原已成交：1.00000000，本次撮合：1.00000000，现已成交：2.00000000，剩余：0.00000000。 订单已完全成交
[info] 买单 #订单号7 (买家用户：1) 分批撮合完成，当前订单状态已改为完全成交。
[info] 卖单 #订单号8 (卖家用户：2) 下单数量：9.00000000，原已成交：8.00000000，本次撮合：1.00000000，现已成交：9.00000000，剩余：0.00000000。 订单已完全成交
[info] 卖单 #订单号8 (卖家用户：2) 分批撮合完成，当前订单状态已改为完全成交。
[info] 撮合成交：买单 #订单号7 (买家：1, 下单数量：2.00000000, 本次撮合：1.00000000) 与卖单 #订单号8 (卖家：2, 下单数量：9.00000000, 本次撮合：1.00000000) 成交，成交价：10.00000000。
[info] 买单 #订单号9 (买家用户：1) 下单数量：4.00000000，原已成交：0.00000000，本次撮合：3.00000000，现已成交：3.00000000，剩余：1.00000000。 订单部分成交
[info] 卖单 #订单号10 (卖家用户：2) 下单数量：5.00000000，原已成交：2.00000000，本次撮合：3.00000000，现已成交：5.00000000，剩余：0.00000000。 订单已完全成交
[info] 卖单 #订单号10 (卖家用户：2) 分批撮合完成，当前订单状态已改为完全成交。
[info] 撮合成交：买单 #订单号9 (买家：1, 下单数量：4.00000000, 本次撮合：3.00000000) 与卖单 #订单号10 (卖家：2, 下单数量：5.00000000, 本次撮合：3.00000000) 成交，成交价：10.00000000。
[info] 开始撮合交易对：BTC_USDT
[info] 开始撮合交易对：BTC_USDT
[info] 撮合订单任务开始执行 job
[info] 开始批量撮合交易对
[info] 开始撮合交易对：BTC_USDT
[info] 买单 #订单号1 (买家用户：1) 下单数量：5.00000000，原已成交：2.00000000，本次撮合：3.00000000，现已成交：5.00000000，剩余：0.00000000。 订单已完全成交
[info] 买单 #订单号1 (买家用户：1) 分批撮合完成，当前订单状态已改为完全成交。
[info] 卖单 #订单号4 (卖家用户：2) 下单数量：7.00000000，原已成交：4.00000000，本次撮合：3.00000000，现已成交：7.00000000，剩余：0.00000000。 订单已完全成交
[info] 卖单 #订单号4 (卖家用户：2) 分批撮合完成，当前订单状态已改为完全成交。
[info] 撮合成交：买单 #订单号1 (买家：1, 下单数量：5.00000000, 本次撮合：3.00000000) 与卖单 #订单号4 (卖家：2, 下单数量：7.00000000, 本次撮合：3.00000000) 成交，成交价：10.00000000。
[info] 买单 #订单号5 (买家用户：1) 下单数量：8.00000000，原已成交：0.00000000，本次撮合：8.00000000，现已成交：8.00000000，剩余：0.00000000。 订单已完全成交
[info] 买单 #订单号5 (买家用户：1) 分批撮合完成，当前订单状态已改为完全成交。
[info] 卖单 #订单号8 (卖家用户：2) 下单数量：9.00000000，原已成交：0.00000000，本次撮合：8.00000000，现已成交：8.00000000，剩余：1.00000000。 订单部分成交
[info] 撮合成交：买单 #订单号5 (买家：1, 下单数量：8.00000000, 本次撮合：8.00000000) 与卖单 #订单号8 (卖家：2, 下单数量：9.00000000, 本次撮合：8.00000000) 成交，成交价：10.00000000。
[info] 买单 #订单号7 (买家用户：1) 下单数量：2.00000000，原已成交：1.00000000，本次撮合：1.00000000，现已成交：2.00000000，剩余：0.00000000。 订单已完全成交
[info] 买单 #订单号7 (买家用户：1) 分批撮合完成，当前订单状态已改为完全成交。
[info] 卖单 #订单号8 (卖家用户：2) 下单数量：9.00000000，原已成交：8.00000000，本次撮合：1.00000000，现已成交：9.00000000，剩余：0.00000000。 订单已完全成交
[info] 卖单 #订单号8 (卖家用户：2) 分批撮合完成，当前订单状态已改为完全成交。
[info] 撮合成交：买单 #订单号7 (买家：1, 下单数量：2.00000000, 本次撮合：1.00000000) 与卖单 #订单号8 (卖家：2, 下单数量：9.00000000, 本次撮合：1.00000000) 成交，成交价：10.00000000。
[info] 买单 #订单号9 (买家用户：1) 下单数量：4.00000000，原已成交：0.00000000，本次撮合：3.00000000，现已成交：3.00000000，剩余：1.00000000。 订单部分成交
[info] 卖单 #订单号10 (卖家用户：2) 下单数量：5.00000000，原已成交：2.00000000，本次撮合：3.00000000，现已成交：5.00000000，剩余：0.00000000。 订单已完全成交
[info] 卖单 #订单号10 (卖家用户：2) 分批撮合完成，当前订单状态已改为完全成交。
[info] 撮合成交：买单 #订单号9 (买家：1, 下单数量：4.00000000, 本次撮合：3.00000000) 与卖单 #订单号10 (卖家：2, 下单数量：5.00000000, 本次撮合：3.00000000) 成交，成交价：10.00000000。
[info] 开始撮合交易对：BTC_USDT
[info] 开始撮合交易对：BTC_USDT
[info] 开始撮合交易对：BTC_USDT
[info] 开始撮合交易对：BTC_USDT
[info] 开始撮合交易对：BTC_USDT
[info] 开始撮合交易对：BTC_USDT
[info] 开始撮合交易对：BTC_USDT
[info] 开始撮合交易对：BTC_USDT
[info] 开始撮合交易对：BTC_USDT
[info] 开始撮合交易对：BTC_USDT
[info] 开始撮合交易对：BTC_USDT
[info] 开始撮合交易对：BTC_USDT
[info] 开始撮合交易对：BTC_USDT
[info] 开始撮合交易对：BTC_USDT
[info] 开始撮合交易对：BTC_USDT
[info] 开始撮合交易对：BTC_USDT
[info] 开始撮合交易对：BTC_USDT
[info] 开始撮合交易对：BTC_USDT
[info] 开始撮合交易对：BTC_USDT
[info] 开始撮合交易对：BTC_USDT
[info] 开始撮合交易对：BTC_USDT
[info] 开始撮合交易对：BTC_USDT
[info] 开始撮合交易对：BTC_USDT
[info] 开始撮合交易对：BTC_USDT
[info] 开始撮合交易对：BTC_USDT
[info] 开始撮合交易对：BTC_USDT
[info] 开始撮合交易对：BTC_USDT
[info] 开始撮合交易对：BTC_USDT
[info] 开始撮合交易对：BTC_USDT
[info] 开始撮合交易对：BTC_USDT
[info] 开始撮合交易对：BTC_USDT
[info] 开始撮合交易对：BTC_USDT
[info] 开始撮合交易对：BTC_USDT
[info] 开始撮合交易对：BTC_USDT
[info] 开始撮合交易对：BTC_USDT
[info] 开始撮合交易对：BTC_USDT
[info] 开始撮合交易对：BTC_USDT
[info] 开始撮合交易对：BTC_USDT
[info] 开始撮合交易对：BTC_USDT
[info] 开始撮合交易对：BTC_USDT
[info] 开始撮合交易对：BTC_USDT
[info] 开始撮合交易对：BTC_USDT
[info] 开始撮合交易对：BTC_USDT
[info] 开始撮合交易对：BTC_USDT
[info] 开始撮合交易对：BTC_USDT
[info] 开始撮合交易对：BTC_USDT
[info] 开始撮合交易对：BTC_USDT
[info] 开始撮合交易对：BTC_USDT
[info] 开始撮合交易对：BTC_USDT
[info] 开始撮合交易对：BTC_USDT
[info] 开始撮合交易对：BTC_USDT
[info] 开始撮合交易对：BTC_USDT
[info] 开始撮合交易对：BTC_USDT
[info] 开始撮合交易对：BTC_USDT
[info] 开始撮合交易对：BTC_USDT
[info] 开始撮合交易对：BTC_USDT
[info] 开始撮合交易对：BTC_USDT
[info] 开始撮合交易对：BTC_USDT
[info] 开始撮合交易对：BTC_USDT
[info] 开始撮合交易对：BTC_USDT
[info] 开始撮合交易对：BTC_USDT
[info] 开始撮合交易对：BTC_USDT
[info] 开始撮合交易对：BTC_USDT
[info] 开始撮合交易对：BTC_USDT
[info] 开始撮合交易对：BTC_USDT
[info] 开始撮合交易对：BTC_USDT
[info] 开始撮合交易对：BTC_USDT
[info] 开始撮合交易对：BTC_USDT
[info] 开始撮合交易对：BTC_USDT
[info] 开始撮合交易对：BTC_USDT
[info] 开始撮合交易对：BTC_USDT
[info] 开始撮合交易对：BTC_USDT
[info] 开始撮合交易对：BTC_USDT
[info] 开始撮合交易对：BTC_USDT
[info] 开始撮合交易对：BTC_USDT
[info] 开始撮合交易对：BTC_USDT
[info] 开始撮合交易对：BTC_USDT
[info] 开始撮合交易对：BTC_USDT
[info] 开始撮合交易对：BTC_USDT
[info] 开始撮合交易对：BTC_USDT
[info] 开始撮合交易对：BTC_USDT
[info] 开始撮合交易对：BTC_USDT
[info] 开始撮合交易对：BTC_USDT
[info] 开始撮合交易对：BTC_USDT
[info] 开始撮合交易对：BTC_USDT
[info] 开始撮合交易对：BTC_USDT
[info] 开始撮合交易对：BTC_USDT
[info] 开始撮合交易对：BTC_USDT
[info] 开始撮合交易对：BTC_USDT
[info] 开始撮合交易对：BTC_USDT
[info] 开始撮合交易对：BTC_USDT
[info] 开始撮合交易对：BTC_USDT
[info] 开始撮合交易对：BTC_USDT
[info] 开始撮合交易对：BTC_USDT
[info] 开始撮合交易对：BTC_USDT
[info] 开始撮合交易对：BTC_USDT
[info] 开始撮合交易对：BTC_USDT
[info] 开始撮合交易对：BTC_USDT
[info] 开始撮合交易对：BTC_USDT
[info] 开始撮合交易对：BTC_USDT
[info] 开始撮合交易对：BTC_USDT
[info] 开始撮合交易对：BTC_USDT
[info] 开始撮合交易对：BTC_USDT
[info] 开始撮合交易对：BTC_USDT
[info] 开始撮合交易对：BTC_USDT
[info] 开始撮合交易对：BTC_USDT
[info] 开始撮合交易对：BTC_USDT
[info] 开始撮合交易对：BTC_USDT
[info] 开始撮合交易对：BTC_USDT
[info] 开始撮合交易对：BTC_USDT
[info] 开始撮合交易对：BTC_USDT
[info] 开始撮合交易对：BTC_USDT
[info] 开始撮合交易对：BTC_USDT
[info] 开始撮合交易对：BTC_USDT
[info] 开始撮合交易对：BTC_USDT
[info] 开始撮合交易对：BTC_USDT
[info] 开始撮合交易对：BTC_USDT
[info] 开始撮合交易对：BTC_USDT
[info] 开始撮合交易对：BTC_USDT
[info] 开始撮合交易对：BTC_USDT
[info] 开始撮合交易对：BTC_USDT
[info] 开始撮合交易对：BTC_USDT
[info] 开始撮合交易对：BTC_USDT
[info] 开始撮合交易对：BTC_USDT
[info] 开始撮合交易对：BTC_USDT
[info] 开始撮合交易对：BTC_USDT
[info] 开始撮合交易对：BTC_USDT
[info] 开始撮合交易对：BTC_USDT
[info] 开始撮合交易对：BTC_USDT
[info] 开始撮合交易对：BTC_USDT
[info] 开始撮合交易对：BTC_USDT
[info] 开始撮合交易对：BTC_USDT
[info] 开始撮合交易对：BTC_USDT
[info] 开始撮合交易对：BTC_USDT
[info] 开始撮合交易对：BTC_USDT
[info] 开始撮合交易对：BTC_USDT
[info] 开始撮合交易对：BTC_USDT
[info] 开始撮合交易对：BTC_USDT
[info] 开始撮合交易对：BTC_USDT
[info] 开始撮合交易对：BTC_USDT
[info] 开始撮合交易对：BTC_USDT
[info] 开始撮合交易对：BTC_USDT
[info] 开始撮合交易对：BTC_USDT
[info] 开始撮合交易对：BTC_USDT
[info] 开始撮合交易对：BTC_USDT
[info] 开始撮合交易对：BTC_USDT
[info] 开始撮合交易对：BTC_USDT
[info] 开始撮合交易对：BTC_USDT
[info] 开始撮合交易对：BTC_USDT
[info] 开始撮合交易对：BTC_USDT
[info] 开始撮合交易对：BTC_USDT
[info] 开始撮合交易对：BTC_USDT
[info] 开始撮合交易对：BTC_USDT
[info] 开始撮合交易对：BTC_USDT
[info] 开始撮合交易对：BTC_USDT
[info] 开始撮合交易对：BTC_USDT
[info] 开始撮合交易对：BTC_USDT
[info] 开始撮合交易对：BTC_USDT
[info] 开始撮合交易对：BTC_USDT
[info] 开始撮合交易对：BTC_USDT
[info] 开始撮合交易对：BTC_USDT
[info] 开始撮合交易对：BTC_USDT
[info] 开始撮合交易对：BTC_USDT
[info] 开始撮合交易对：BTC_USDT
[info] 开始撮合交易对：BTC_USDT
[info] 开始撮合交易对：BTC_USDT
[info] 开始撮合交易对：BTC_USDT
[info] 开始撮合交易对：BTC_USDT
[info] 开始撮合交易对：BTC_USDT
[info] 开始撮合交易对：BTC_USDT
[info] 开始撮合交易对：BTC_USDT
[info] 开始撮合交易对：BTC_USDT
[info] 开始撮合交易对：BTC_USDT
[info] 开始撮合交易对：BTC_USDT
[info] 开始撮合交易对：BTC_USDT
[info] 开始撮合交易对：BTC_USDT
[info] 开始撮合交易对：BTC_USDT
[info] 开始撮合交易对：BTC_USDT
[info] 开始撮合交易对：BTC_USDT
[info] 开始撮合交易对：BTC_USDT
[info] 开始撮合交易对：BTC_USDT
[info] 开始撮合交易对：BTC_USDT
[info] 开始撮合交易对：BTC_USDT
[info] 开始撮合交易对：BTC_USDT
[info] 开始撮合交易对：BTC_USDT
[info] 开始撮合交易对：BTC_USDT
[info] 开始撮合交易对：BTC_USDT
[info] 开始撮合交易对：BTC_USDT
[info] 开始撮合交易对：BTC_USDT
[info] 开始撮合交易对：BTC_USDT
[info] 开始撮合交易对：BTC_USDT
[info] 开始撮合交易对：BTC_USDT
[info] 开始撮合交易对：BTC_USDT
[info] 开始撮合交易对：BTC_USDT
[info] 开始撮合交易对：BTC_USDT
[info] 开始撮合交易对：BTC_USDT
[info] 开始撮合交易对：BTC_USDT
[info] 开始撮合交易对：BTC_USDT
[info] 开始撮合交易对：BTC_USDT
[info] 开始撮合交易对：BTC_USDT
[info] 开始撮合交易对：BTC_USDT
[info] 开始撮合交易对：BTC_USDT
[info] 开始撮合交易对：BTC_USDT
[info] 开始撮合交易对：BTC_USDT
[info] 开始撮合交易对：BTC_USDT
[info] 开始撮合交易对：BTC_USDT
[info] 开始撮合交易对：BTC_USDT
[info] 开始撮合交易对：BTC_USDT
[info] 开始撮合交易对：BTC_USDT
[info] 开始撮合交易对：BTC_USDT
[info] 开始撮合交易对：BTC_USDT
[info] 开始撮合交易对：BTC_USDT
[info] 开始撮合交易对：BTC_USDT
[info] 开始撮合交易对：BTC_USDT
[info] 开始撮合交易对：BTC_USDT
[info] 开始撮合交易对：BTC_USDT
[info] 开始撮合交易对：BTC_USDT
[info] 开始撮合交易对：BTC_USDT
[info] 开始撮合交易对：BTC_USDT
[info] 开始撮合交易对：BTC_USDT
[info] 开始撮合交易对：BTC_USDT
[info] 开始撮合交易对：BTC_USDT
[info] 开始撮合交易对：BTC_USDT
[info] 开始撮合交易对：BTC_USDT
[info] 开始撮合交易对：BTC_USDT
[info] 开始撮合交易对：BTC_USDT
[info] 开始撮合交易对：BTC_USDT
[info] 开始撮合交易对：BTC_USDT
[info] 开始撮合交易对：BTC_USDT
[info] 开始撮合交易对：BTC_USDT
[info] 开始撮合交易对：BTC_USDT
[info] 开始撮合交易对：BTC_USDT
[info] 开始撮合交易对：BTC_USDT
[info] 开始撮合交易对：BTC_USDT
[info] 开始撮合交易对：BTC_USDT
[info] 开始撮合交易对：BTC_USDT
[info] 开始撮合交易对：BTC_USDT
[info] 开始撮合交易对：BTC_USDT
[info] 开始撮合交易对：BTC_USDT
[info] 开始撮合交易对：BTC_USDT
[info] 开始撮合交易对：BTC_USDT
[info] 开始撮合交易对：BTC_USDT
[info] 开始撮合交易对：BTC_USDT
[info] 开始撮合交易对：BTC_USDT
[info] 开始撮合交易对：BTC_USDT
[info] 开始撮合交易对：BTC_USDT
[info] 开始撮合交易对：BTC_USDT
[info] 开始撮合交易对：BTC_USDT
[info] 开始撮合交易对：BTC_USDT
[info] 开始撮合交易对：BTC_USDT
[info] 开始撮合交易对：BTC_USDT
[info] 开始撮合交易对：BTC_USDT
[info] 开始撮合交易对：BTC_USDT
[info] 开始撮合交易对：BTC_USDT
[info] 开始撮合交易对：BTC_USDT
[info] 开始撮合交易对：BTC_USDT
[info] 开始撮合交易对：BTC_USDT
[info] 开始撮合交易对：BTC_USDT
[info] 开始撮合交易对：BTC_USDT
[info] 开始撮合交易对：BTC_USDT
[info] 开始撮合交易对：BTC_USDT
[info] 开始撮合交易对：BTC_USDT
[info] 开始撮合交易对：BTC_USDT
[info] 开始撮合交易对：BTC_USDT
[info] 开始撮合交易对：BTC_USDT
[info] 开始撮合交易对：BTC_USDT
[info] 开始撮合交易对：BTC_USDT
[info] 开始撮合交易对：BTC_USDT
[info] 开始撮合交易对：BTC_USDT
[info] 开始撮合交易对：BTC_USDT
[info] 开始撮合交易对：BTC_USDT
[info] 开始撮合交易对：BTC_USDT
[info] 开始撮合交易对：BTC_USDT
[info] 开始撮合交易对：BTC_USDT
[info] 开始撮合交易对：BTC_USDT
[info] 开始撮合交易对：BTC_USDT
[info] 开始撮合交易对：BTC_USDT
[info] 开始撮合交易对：BTC_USDT
[info] 开始撮合交易对：BTC_USDT
[info] 开始撮合交易对：BTC_USDT
[info] 开始撮合交易对：BTC_USDT
[info] 开始撮合交易对：BTC_USDT
[info] 开始撮合交易对：BTC_USDT
[info] 开始撮合交易对：BTC_USDT
[info] 开始撮合交易对：BTC_USDT
[info] 开始撮合交易对：BTC_USDT
[info] 开始撮合交易对：BTC_USDT
[info] 开始撮合交易对：BTC_USDT
[info] 开始撮合交易对：BTC_USDT
[info] 开始撮合交易对：BTC_USDT
[info] 开始撮合交易对：BTC_USDT
[info] 开始撮合交易对：BTC_USDT
[info] 开始撮合交易对：BTC_USDT
[info] 开始撮合交易对：BTC_USDT
[info] 开始撮合交易对：BTC_USDT
[info] 开始撮合交易对：BTC_USDT
[info] 开始撮合交易对：BTC_USDT
[info] 开始撮合交易对：BTC_USDT
[info] 开始撮合交易对：BTC_USDT
[info] 开始撮合交易对：BTC_USDT
[info] 开始撮合交易对：BTC_USDT
[info] 开始撮合交易对：BTC_USDT
[info] 开始撮合交易对：BTC_USDT
[info] 开始撮合交易对：BTC_USDT
[info] 开始撮合交易对：BTC_USDT
[info] 开始撮合交易对：BTC_USDT
[info] 开始撮合交易对：BTC_USDT
[info] 开始撮合交易对：BTC_USDT
[info] 开始撮合交易对：BTC_USDT
[info] 开始撮合交易对：BTC_USDT
[info] 开始撮合交易对：BTC_USDT
[info] 开始撮合交易对：BTC_USDT
[info] 开始撮合交易对：BTC_USDT
[info] 开始撮合交易对：BTC_USDT
[info] 开始撮合交易对：BTC_USDT
[info] 开始撮合交易对：BTC_USDT
[info] 开始撮合交易对：BTC_USDT
[info] 开始撮合交易对：BTC_USDT
[info] 开始撮合交易对：BTC_USDT
[info] 开始撮合交易对：BTC_USDT
[info] 开始撮合交易对：BTC_USDT
[info] 开始撮合交易对：BTC_USDT
[info] 开始撮合交易对：BTC_USDT
[info] 开始撮合交易对：BTC_USDT
[info] 开始撮合交易对：BTC_USDT
[info] 开始撮合交易对：BTC_USDT
[info] 开始撮合交易对：BTC_USDT
[info] 开始撮合交易对：BTC_USDT
[info] 开始撮合交易对：BTC_USDT
[info] 开始撮合交易对：BTC_USDT
[info] 开始撮合交易对：BTC_USDT
[info] 开始撮合交易对：BTC_USDT
[info] 开始撮合交易对：BTC_USDT
[info] 开始撮合交易对：BTC_USDT
[info] 开始撮合交易对：BTC_USDT
[info] 开始撮合交易对：BTC_USDT
[info] 开始撮合交易对：BTC_USDT
[info] 开始撮合交易对：BTC_USDT
[info] 开始撮合交易对：BTC_USDT
[info] 开始撮合交易对：BTC_USDT
[info] 开始撮合交易对：BTC_USDT
[info] 开始撮合交易对：BTC_USDT
[info] 开始撮合交易对：BTC_USDT
[info] 开始撮合交易对：BTC_USDT
[info] 开始撮合交易对：BTC_USDT
[info] 开始撮合交易对：BTC_USDT
[info] 开始撮合交易对：BTC_USDT
[info] 开始撮合交易对：BTC_USDT
[info] 开始撮合交易对：BTC_USDT
[info] 开始撮合交易对：BTC_USDT
[info] 开始撮合交易对：BTC_USDT
[info] 开始撮合交易对：BTC_USDT
[info] 开始撮合交易对：BTC_USDT
[info] 开始撮合交易对：BTC_USDT
[info] 开始撮合交易对：BTC_USDT
[info] 开始撮合交易对：BTC_USDT
[info] 开始撮合交易对：BTC_USDT
[info] 开始撮合交易对：BTC_USDT
[info] 开始撮合交易对：BTC_USDT
[info] 开始撮合交易对：BTC_USDT
[info] 开始撮合交易对：BTC_USDT
[info] 开始撮合交易对：BTC_USDT
[info] 开始撮合交易对：BTC_USDT
[info] 开始撮合交易对：BTC_USDT
[info] 开始撮合交易对：BTC_USDT
[info] 开始撮合交易对：BTC_USDT
[info] 开始撮合交易对：BTC_USDT
[info] 开始撮合交易对：BTC_USDT
[info] 开始撮合交易对：BTC_USDT
[info] 开始撮合交易对：BTC_USDT
[info] 开始撮合交易对：BTC_USDT
[info] 开始撮合交易对：BTC_USDT
[info] 开始撮合交易对：BTC_USDT
[info] 开始撮合交易对：BTC_USDT
[info] 开始撮合交易对：BTC_USDT
[info] 开始撮合交易对：BTC_USDT
[info] 开始撮合交易对：BTC_USDT
[info] 开始撮合交易对：BTC_USDT
[info] 开始撮合交易对：BTC_USDT
[info] 开始撮合交易对：BTC_USDT
[info] 开始撮合交易对：BTC_USDT
[info] 开始撮合交易对：BTC_USDT
[info] 开始撮合交易对：BTC_USDT
[info] 开始撮合交易对：BTC_USDT
[info] 开始撮合交易对：BTC_USDT
[info] 开始撮合交易对：BTC_USDT
[info] 开始撮合交易对：BTC_USDT
[info] 开始撮合交易对：BTC_USDT
[info] 开始撮合交易对：BTC_USDT
[info] 开始撮合交易对：BTC_USDT
[info] 开始撮合交易对：BTC_USDT
[info] 开始撮合交易对：BTC_USDT
[info] 开始撮合交易对：BTC_USDT
[info] 开始撮合交易对：BTC_USDT
[info] 开始撮合交易对：BTC_USDT
[info] 开始撮合交易对：BTC_USDT
[info] 开始撮合交易对：BTC_USDT
[info] 开始撮合交易对：BTC_USDT
[info] 开始撮合交易对：BTC_USDT
[info] 开始撮合交易对：BTC_USDT
[info] 开始撮合交易对：BTC_USDT
[info] 开始撮合交易对：BTC_USDT
[info] 开始撮合交易对：BTC_USDT
[info] 开始撮合交易对：BTC_USDT
[info] 开始撮合交易对：BTC_USDT
[info] 开始撮合交易对：BTC_USDT
[info] 开始撮合交易对：BTC_USDT
[info] 开始撮合交易对：BTC_USDT
[info] 开始撮合交易对：BTC_USDT
[info] 开始撮合交易对：BTC_USDT
[info] 开始撮合交易对：BTC_USDT
[info] 开始撮合交易对：BTC_USDT
[info] 开始撮合交易对：BTC_USDT
[info] 开始撮合交易对：BTC_USDT
[info] 开始撮合交易对：BTC_USDT
[info] 开始撮合交易对：BTC_USDT
[info] 开始撮合交易对：BTC_USDT
[info] 开始撮合交易对：BTC_USDT
[info] 开始撮合交易对：BTC_USDT
[info] 开始撮合交易对：BTC_USDT
[info] 开始撮合交易对：BTC_USDT
[info] 开始撮合交易对：BTC_USDT
[info] 开始撮合交易对：BTC_USDT
[info] 开始撮合交易对：BTC_USDT
[info] 开始撮合交易对：BTC_USDT
[info] 开始撮合交易对：BTC_USDT
[info] 开始撮合交易对：BTC_USDT
[info] 开始撮合交易对：BTC_USDT
[info] 开始撮合交易对：BTC_USDT
[info] 开始撮合交易对：BTC_USDT
[info] 开始撮合交易对：BTC_USDT
[info] 开始撮合交易对：BTC_USDT
[info] 开始撮合交易对：BTC_USDT
[info] 开始撮合交易对：BTC_USDT
[info] 开始撮合交易对：BTC_USDT
[info] 开始撮合交易对：BTC_USDT
[info] 开始撮合交易对：BTC_USDT
[info] 开始撮合交易对：BTC_USDT
[info] 开始撮合交易对：BTC_USDT
[info] 开始撮合交易对：BTC_USDT
[info] 开始撮合交易对：BTC_USDT
[info] 开始撮合交易对：BTC_USDT
[info] 开始撮合交易对：BTC_USDT
[info] 开始撮合交易对：BTC_USDT
[info] 开始撮合交易对：BTC_USDT
[info] 开始撮合交易对：BTC_USDT
[info] 开始撮合交易对：BTC_USDT
[info] 开始撮合交易对：BTC_USDT
[info] 开始撮合交易对：BTC_USDT
[info] 开始撮合交易对：BTC_USDT
[info] 开始撮合交易对：BTC_USDT
[info] 开始撮合交易对：BTC_USDT
[info] 开始撮合交易对：BTC_USDT
[info] 开始撮合交易对：BTC_USDT
[info] 开始撮合交易对：BTC_USDT
[info] 开始撮合交易对：BTC_USDT
[info] 开始撮合交易对：BTC_USDT
[info] 开始撮合交易对：BTC_USDT
[info] 开始撮合交易对：BTC_USDT
[info] 开始撮合交易对：BTC_USDT
[info] 开始撮合交易对：BTC_USDT
[info] 开始撮合交易对：BTC_USDT
[info] 开始撮合交易对：BTC_USDT
[info] 开始撮合交易对：BTC_USDT
[info] 开始撮合交易对：BTC_USDT
[info] 开始撮合交易对：BTC_USDT
[info] 开始撮合交易对：BTC_USDT
[info] 开始撮合交易对：BTC_USDT
[info] 开始撮合交易对：BTC_USDT
[info] 开始撮合交易对：BTC_USDT
[info] 开始撮合交易对：BTC_USDT
[info] 开始撮合交易对：BTC_USDT
[info] 开始撮合交易对：BTC_USDT
[info] 开始撮合交易对：BTC_USDT
[info] 开始撮合交易对：BTC_USDT
[info] 开始撮合交易对：BTC_USDT
[info] 开始撮合交易对：BTC_USDT
[info] 开始撮合交易对：BTC_USDT
[info] 开始撮合交易对：BTC_USDT
[info] 开始撮合交易对：BTC_USDT
[info] 开始撮合交易对：BTC_USDT
[info] 开始撮合交易对：BTC_USDT
[info] 开始撮合交易对：BTC_USDT
[info] 开始撮合交易对：BTC_USDT
[info] 开始撮合交易对：BTC_USDT
[info] 开始撮合交易对：BTC_USDT
[info] 开始撮合交易对：BTC_USDT
[info] 开始撮合交易对：BTC_USDT
[info] 开始撮合交易对：BTC_USDT
[info] 开始撮合交易对：BTC_USDT
[info] 开始撮合交易对：BTC_USDT
[info] 开始撮合交易对：BTC_USDT
[info] 开始撮合交易对：BTC_USDT
[info] 开始撮合交易对：BTC_USDT
[info] 开始撮合交易对：BTC_USDT
[info] 开始撮合交易对：BTC_USDT
[info] 开始撮合交易对：BTC_USDT
[info] 开始撮合交易对：BTC_USDT
[info] 开始撮合交易对：BTC_USDT
[info] 开始撮合交易对：BTC_USDT
[info] 开始撮合交易对：BTC_USDT
[info] 开始撮合交易对：BTC_USDT
[info] 开始撮合交易对：BTC_USDT
[info] 开始撮合交易对：BTC_USDT
[info] 开始撮合交易对：BTC_USDT
[info] 开始撮合交易对：BTC_USDT
[info] 开始撮合交易对：BTC_USDT
[info] 开始撮合交易对：BTC_USDT
[info] 开始撮合交易对：BTC_USDT
[info] 开始撮合交易对：BTC_USDT
[info] 开始撮合交易对：BTC_USDT
[info] 开始撮合交易对：BTC_USDT
[info] 开始撮合交易对：BTC_USDT
[info] 开始撮合交易对：BTC_USDT
[info] 开始撮合交易对：BTC_USDT
[info] 开始撮合交易对：BTC_USDT
[info] 开始撮合交易对：BTC_USDT
[info] 开始撮合交易对：BTC_USDT
[info] 开始撮合交易对：BTC_USDT
[info] 开始撮合交易对：BTC_USDT
[info] 开始撮合交易对：BTC_USDT
[info] 开始撮合交易对：BTC_USDT
[info] 开始撮合交易对：BTC_USDT
[info] 开始撮合交易对：BTC_USDT
[info] 开始撮合交易对：BTC_USDT
[info] 开始撮合交易对：BTC_USDT
[info] 开始撮合交易对：BTC_USDT
[info] 开始撮合交易对：BTC_USDT
[info] 开始撮合交易对：BTC_USDT
[info] 开始撮合交易对：BTC_USDT
[info] 开始撮合交易对：BTC_USDT
[info] 开始撮合交易对：BTC_USDT
[info] 开始撮合交易对：BTC_USDT
[info] 开始撮合交易对：BTC_USDT
[info] 开始撮合交易对：BTC_USDT
[info] 开始撮合交易对：BTC_USDT
[info] 开始撮合交易对：BTC_USDT
[info] 开始撮合交易对：BTC_USDT
[info] 开始撮合交易对：BTC_USDT
[info] 开始撮合交易对：BTC_USDT
[info] 开始撮合交易对：BTC_USDT
[info] 开始撮合交易对：BTC_USDT
[info] 开始撮合交易对：BTC_USDT
[info] 开始撮合交易对：BTC_USDT
[info] 开始撮合交易对：BTC_USDT
[info] 开始撮合交易对：BTC_USDT
[info] 开始撮合交易对：BTC_USDT
[info] 开始撮合交易对：BTC_USDT
[info] 开始撮合交易对：BTC_USDT
[info] 开始撮合交易对：BTC_USDT
[info] 开始撮合交易对：BTC_USDT
[info] 开始撮合交易对：BTC_USDT
[info] 开始撮合交易对：BTC_USDT
[info] 开始撮合交易对：BTC_USDT
[info] 开始撮合交易对：BTC_USDT
[info] 开始撮合交易对：BTC_USDT
[info] 开始撮合交易对：BTC_USDT
[info] 开始撮合交易对：BTC_USDT
[info] 开始撮合交易对：BTC_USDT
[info] 开始撮合交易对：BTC_USDT
[info] 开始撮合交易对：BTC_USDT
[info] 开始撮合交易对：BTC_USDT
[info] 开始撮合交易对：BTC_USDT
[info] 开始撮合交易对：BTC_USDT
[info] 开始撮合交易对：BTC_USDT
[info] 开始撮合交易对：BTC_USDT
[info] 开始撮合交易对：BTC_USDT
[info] 开始撮合交易对：BTC_USDT
[info] 开始撮合交易对：BTC_USDT
[info] 开始撮合交易对：BTC_USDT
[info] 开始撮合交易对：BTC_USDT
[info] 开始撮合交易对：BTC_USDT
[info] 开始撮合交易对：BTC_USDT
[info] 开始撮合交易对：BTC_USDT
[info] 开始撮合交易对：BTC_USDT
[info] 开始撮合交易对：BTC_USDT
[info] 开始撮合交易对：BTC_USDT
[info] 开始撮合交易对：BTC_USDT
[info] 开始撮合交易对：BTC_USDT
[info] 开始撮合交易对：BTC_USDT
[info] 开始撮合交易对：BTC_USDT
[info] 开始撮合交易对：BTC_USDT
[info] 开始撮合交易对：BTC_USDT
[info] 开始撮合交易对：BTC_USDT
[info] 开始撮合交易对：BTC_USDT
[info] 开始撮合交易对：BTC_USDT
[info] 开始撮合交易对：BTC_USDT
[info] 开始撮合交易对：BTC_USDT
[info] 开始撮合交易对：BTC_USDT
[info] 开始撮合交易对：BTC_USDT
[info] 开始撮合交易对：BTC_USDT
[info] 开始撮合交易对：BTC_USDT
[info] 开始撮合交易对：BTC_USDT
[info] 开始撮合交易对：BTC_USDT
[info] 开始撮合交易对：BTC_USDT
[info] 开始撮合交易对：BTC_USDT
[info] 开始撮合交易对：BTC_USDT
[info] 开始撮合交易对：BTC_USDT
[info] 开始撮合交易对：BTC_USDT
[info] 开始撮合交易对：BTC_USDT
[info] 开始撮合交易对：BTC_USDT
[info] 开始撮合交易对：BTC_USDT
[info] 开始撮合交易对：BTC_USDT
[info] 开始撮合交易对：BTC_USDT
[info] 开始撮合交易对：BTC_USDT
[info] 开始撮合交易对：BTC_USDT
[info] 开始撮合交易对：BTC_USDT
[info] 开始撮合交易对：BTC_USDT
[info] 开始撮合交易对：BTC_USDT
[info] 开始撮合交易对：BTC_USDT
[info] 开始撮合交易对：BTC_USDT
[info] 开始撮合交易对：BTC_USDT
[info] 开始撮合交易对：BTC_USDT
[info] 开始撮合交易对：BTC_USDT
[info] 开始撮合交易对：BTC_USDT
[info] 开始撮合交易对：BTC_USDT
[info] 开始撮合交易对：BTC_USDT
[info] 开始撮合交易对：BTC_USDT
[info] 开始撮合交易对：BTC_USDT
[info] 开始撮合交易对：BTC_USDT
[info] 开始撮合交易对：BTC_USDT
[info] 开始撮合交易对：BTC_USDT
[info] 开始撮合交易对：BTC_USDT
[info] 开始撮合交易对：BTC_USDT
[info] 开始撮合交易对：BTC_USDT
[info] 开始撮合交易对：BTC_USDT
[info] 开始撮合交易对：BTC_USDT
[info] 开始撮合交易对：BTC_USDT
[info] 开始撮合交易对：BTC_USDT
[info] 开始撮合交易对：BTC_USDT
[info] 开始撮合交易对：BTC_USDT
[info] 开始撮合交易对：BTC_USDT
[info] 开始撮合交易对：BTC_USDT
[info] 开始撮合交易对：BTC_USDT
[info] 开始撮合交易对：BTC_USDT
[info] 开始撮合交易对：BTC_USDT
[info] 开始撮合交易对：BTC_USDT
[info] 开始撮合交易对：BTC_USDT
[info] 开始撮合交易对：BTC_USDT
[info] 开始撮合交易对：BTC_USDT
[info] 开始撮合交易对：BTC_USDT
[info] 开始撮合交易对：BTC_USDT
[info] 开始撮合交易对：BTC_USDT
[info] 开始撮合交易对：BTC_USDT
[info] 开始撮合交易对：BTC_USDT
[info] 开始撮合交易对：BTC_USDT
[info] 开始撮合交易对：BTC_USDT
[info] 开始撮合交易对：BTC_USDT
[info] 开始撮合交易对：BTC_USDT
[info] 开始撮合交易对：BTC_USDT
[info] 开始撮合交易对：BTC_USDT
[info] 开始撮合交易对：BTC_USDT
[info] 开始撮合交易对：BTC_USDT
[info] 开始撮合交易对：BTC_USDT
[info] 开始撮合交易对：BTC_USDT
[info] 开始撮合交易对：BTC_USDT
[info] 开始撮合交易对：BTC_USDT
[info] 开始撮合交易对：BTC_USDT
[info] 开始撮合交易对：BTC_USDT
[info] 开始撮合交易对：BTC_USDT
[info] 开始撮合交易对：BTC_USDT
[info] 开始撮合交易对：BTC_USDT
[info] 开始撮合交易对：BTC_USDT
[info] 开始撮合交易对：BTC_USDT
[info] 开始撮合交易对：BTC_USDT
[info] 开始撮合交易对：BTC_USDT
[info] 开始撮合交易对：BTC_USDT
[info] 开始撮合交易对：BTC_USDT
[info] 开始撮合交易对：BTC_USDT
[info] 开始撮合交易对：BTC_USDT
[info] 开始撮合交易对：BTC_USDT
[info] 开始撮合交易对：BTC_USDT
[info] 开始撮合交易对：BTC_USDT
[info] 开始撮合交易对：BTC_USDT
[info] 开始撮合交易对：BTC_USDT
[info] 开始撮合交易对：BTC_USDT
[info] 开始撮合交易对：BTC_USDT
[info] 开始撮合交易对：BTC_USDT
[info] 开始撮合交易对：BTC_USDT
[info] 开始撮合交易对：BTC_USDT
[info] 开始撮合交易对：BTC_USDT
[info] 开始撮合交易对：BTC_USDT
[info] 开始撮合交易对：BTC_USDT
[info] 开始撮合交易对：BTC_USDT
[info] 开始撮合交易对：BTC_USDT
[info] 开始撮合交易对：BTC_USDT
[info] 开始撮合交易对：BTC_USDT
[info] 开始撮合交易对：BTC_USDT
[info] 开始撮合交易对：BTC_USDT
[info] 开始撮合交易对：BTC_USDT
[info] 开始撮合交易对：BTC_USDT
[info] 开始撮合交易对：BTC_USDT
[info] 开始撮合交易对：BTC_USDT
[info] 开始撮合交易对：BTC_USDT
[info] 开始撮合交易对：BTC_USDT
[info] 开始撮合交易对：BTC_USDT
[info] 开始撮合交易对：BTC_USDT
[info] 开始撮合交易对：BTC_USDT
[info] 开始撮合交易对：BTC_USDT
[info] 开始撮合交易对：BTC_USDT
[info] 开始撮合交易对：BTC_USDT
[info] 开始撮合交易对：BTC_USDT
[info] 开始撮合交易对：BTC_USDT
[info] 开始撮合交易对：BTC_USDT
[info] 开始撮合交易对：BTC_USDT
[info] 开始撮合交易对：BTC_USDT
[info] 开始撮合交易对：BTC_USDT
[info] 开始撮合交易对：BTC_USDT
[info] 开始撮合交易对：BTC_USDT
[info] 开始撮合交易对：BTC_USDT
[info] 开始撮合交易对：BTC_USDT
[info] 开始撮合交易对：BTC_USDT
[info] 开始撮合交易对：BTC_USDT
[info] 开始撮合交易对：BTC_USDT
[info] 开始撮合交易对：BTC_USDT
[info] 开始撮合交易对：BTC_USDT
[info] 开始撮合交易对：BTC_USDT
[info] 开始撮合交易对：BTC_USDT
[info] 开始撮合交易对：BTC_USDT
[info] 开始撮合交易对：BTC_USDT
[info] 开始撮合交易对：BTC_USDT
[info] 开始撮合交易对：BTC_USDT
[info] 开始撮合交易对：BTC_USDT
[info] 开始撮合交易对：BTC_USDT
[info] 开始撮合交易对：BTC_USDT
[info] 开始撮合交易对：BTC_USDT
[info] 开始撮合交易对：BTC_USDT
[info] 开始撮合交易对：BTC_USDT
[info] 开始撮合交易对：BTC_USDT
[info] 开始撮合交易对：BTC_USDT
[info] 开始撮合交易对：BTC_USDT
[info] 开始撮合交易对：BTC_USDT
[info] 开始撮合交易对：BTC_USDT
[info] 开始撮合交易对：BTC_USDT
[info] 开始撮合交易对：BTC_USDT
[info] 开始撮合交易对：BTC_USDT
[info] 开始撮合交易对：BTC_USDT
[info] 开始撮合交易对：BTC_USDT
[info] 开始撮合交易对：BTC_USDT
[info] 开始撮合交易对：BTC_USDT
[info] 开始撮合交易对：BTC_USDT
[info] 开始撮合交易对：BTC_USDT
[info] 开始撮合交易对：BTC_USDT
[info] 开始撮合交易对：BTC_USDT
[info] 开始撮合交易对：BTC_USDT
[info] 开始撮合交易对：BTC_USDT
[info] 开始撮合交易对：BTC_USDT
[info] 开始撮合交易对：BTC_USDT
[info] 开始撮合交易对：BTC_USDT
[info] 开始撮合交易对：BTC_USDT
[info] 开始撮合交易对：BTC_USDT
[info] 开始撮合交易对：BTC_USDT
[info] 开始撮合交易对：BTC_USDT
[info] 开始撮合交易对：BTC_USDT
[info] 开始撮合交易对：BTC_USDT
[info] 开始撮合交易对：BTC_USDT
[info] 开始撮合交易对：BTC_USDT
[info] 开始撮合交易对：BTC_USDT
[info] 开始撮合交易对：BTC_USDT
[info] 开始撮合交易对：BTC_USDT
[info] 开始撮合交易对：BTC_USDT
[info] 开始撮合交易对：BTC_USDT
[info] 开始撮合交易对：BTC_USDT
[info] 开始撮合交易对：BTC_USDT
[info] 开始撮合交易对：BTC_USDT
[info] 开始撮合交易对：BTC_USDT
[info] 开始撮合交易对：BTC_USDT
[info] 开始撮合交易对：BTC_USDT
[info] 开始撮合交易对：BTC_USDT
[info] 开始撮合交易对：BTC_USDT
[info] 开始撮合交易对：BTC_USDT
[info] 开始撮合交易对：BTC_USDT
[info] 开始撮合交易对：BTC_USDT
[info] 开始撮合交易对：BTC_USDT
[info] 开始撮合交易对：BTC_USDT
[info] 开始撮合交易对：BTC_USDT
[info] 开始撮合交易对：BTC_USDT
[info] 开始撮合交易对：BTC_USDT
[info] 开始撮合交易对：BTC_USDT
[info] 开始撮合交易对：BTC_USDT
[info] 开始撮合交易对：BTC_USDT
[info] 开始撮合交易对：BTC_USDT
[info] 开始撮合交易对：BTC_USDT
[info] 开始撮合交易对：BTC_USDT
[info] 开始撮合交易对：BTC_USDT
[info] 开始撮合交易对：BTC_USDT
[info] 开始撮合交易对：BTC_USDT
[info] 开始撮合交易对：BTC_USDT
[info] 开始撮合交易对：BTC_USDT
[info] 开始撮合交易对：BTC_USDT
[info] 开始撮合交易对：BTC_USDT
[info] 开始撮合交易对：BTC_USDT
[info] 开始撮合交易对：BTC_USDT
[info] 开始撮合交易对：BTC_USDT
[info] 开始撮合交易对：BTC_USDT
[info] 开始撮合交易对：BTC_USDT
[info] 开始撮合交易对：BTC_USDT
[info] 开始撮合交易对：BTC_USDT
[info] 开始撮合交易对：BTC_USDT
[info] 开始撮合交易对：BTC_USDT
[info] 开始撮合交易对：BTC_USDT
[info] 开始撮合交易对：BTC_USDT
[info] 开始撮合交易对：BTC_USDT
[info] 开始撮合交易对：BTC_USDT
[info] 开始撮合交易对：BTC_USDT
[info] 开始撮合交易对：BTC_USDT
[info] 开始撮合交易对：BTC_USDT
[info] 开始撮合交易对：BTC_USDT
[info] 开始撮合交易对：BTC_USDT
[info] 开始撮合交易对：BTC_USDT
[info] 开始撮合交易对：BTC_USDT
[info] 开始撮合交易对：BTC_USDT
[info] 开始撮合交易对：BTC_USDT
[info] 开始撮合交易对：BTC_USDT
[info] 开始撮合交易对：BTC_USDT
[info] 开始撮合交易对：BTC_USDT
[info] 开始撮合交易对：BTC_USDT
[info] 开始撮合交易对：BTC_USDT
[info] 开始撮合交易对：BTC_USDT
[info] 开始撮合交易对：BTC_USDT
[info] 开始撮合交易对：BTC_USDT
[info] 开始撮合交易对：BTC_USDT
[info] 开始撮合交易对：BTC_USDT
[info] 开始撮合交易对：BTC_USDT
[info] 开始撮合交易对：BTC_USDT
[info] 开始撮合交易对：BTC_USDT
[info] 开始撮合交易对：BTC_USDT
[info] 开始撮合交易对：BTC_USDT
[info] 开始撮合交易对：BTC_USDT
[info] 开始撮合交易对：BTC_USDT
[info] 开始撮合交易对：BTC_USDT
[info] 开始撮合交易对：BTC_USDT
[info] 开始撮合交易对：BTC_USDT
[info] 开始撮合交易对：BTC_USDT
[info] 开始撮合交易对：BTC_USDT
[info] 开始撮合交易对：BTC_USDT
[info] 开始撮合交易对：BTC_USDT
[info] 开始撮合交易对：BTC_USDT
[info] 开始撮合交易对：BTC_USDT
[info] 开始撮合交易对：BTC_USDT
[info] 开始撮合交易对：BTC_USDT
[info] 开始撮合交易对：BTC_USDT
[info] 开始撮合交易对：BTC_USDT
[info] 开始撮合交易对：BTC_USDT
[info] 开始撮合交易对：BTC_USDT
[info] 开始撮合交易对：BTC_USDT
[info] 开始撮合交易对：BTC_USDT
[info] 开始撮合交易对：BTC_USDT
[info] 开始撮合交易对：BTC_USDT
[info] 开始撮合交易对：BTC_USDT
[info] 开始撮合交易对：BTC_USDT
[info] 开始撮合交易对：BTC_USDT
[info] 开始撮合交易对：BTC_USDT
[info] 开始撮合交易对：BTC_USDT
[info] 开始撮合交易对：BTC_USDT
[info] 开始撮合交易对：BTC_USDT
[info] 开始撮合交易对：BTC_USDT
[info] 开始撮合交易对：BTC_USDT
[info] 开始撮合交易对：BTC_USDT
[info] 开始撮合交易对：BTC_USDT
[info] 开始撮合交易对：BTC_USDT
[info] 开始撮合交易对：BTC_USDT
[info] 开始撮合交易对：BTC_USDT
[info] 开始撮合交易对：BTC_USDT
[info] 开始撮合交易对：BTC_USDT
[info] 开始撮合交易对：BTC_USDT
[info] 开始撮合交易对：BTC_USDT
[info] 开始撮合交易对：BTC_USDT
[info] 开始撮合交易对：BTC_USDT
[info] 开始撮合交易对：BTC_USDT
[info] 开始撮合交易对：BTC_USDT
[info] 开始撮合交易对：BTC_USDT
[info] 开始撮合交易对：BTC_USDT
[info] 开始撮合交易对：BTC_USDT
[info] 开始撮合交易对：BTC_USDT
[info] 开始撮合交易对：BTC_USDT
[info] 开始撮合交易对：BTC_USDT
[info] 开始撮合交易对：BTC_USDT
[info] 开始撮合交易对：BTC_USDT
[info] 开始撮合交易对：BTC_USDT
[info] 开始撮合交易对：BTC_USDT
[info] 开始撮合交易对：BTC_USDT
[info] 开始撮合交易对：BTC_USDT
[info] 开始撮合交易对：BTC_USDT
[info] 开始撮合交易对：BTC_USDT
[info] 开始撮合交易对：BTC_USDT
[info] 开始撮合交易对：BTC_USDT
[info] 开始撮合交易对：BTC_USDT
[info] 开始撮合交易对：BTC_USDT
[info] 开始撮合交易对：BTC_USDT
[info] 开始撮合交易对：BTC_USDT
[info] 开始撮合交易对：BTC_USDT
[info] 开始撮合交易对：BTC_USDT
[info] 开始撮合交易对：BTC_USDT
[info] 开始撮合交易对：BTC_USDT
[info] 开始撮合交易对：BTC_USDT
[info] 开始撮合交易对：BTC_USDT
[info] 开始撮合交易对：BTC_USDT
[info] 开始撮合交易对：BTC_USDT
[info] 开始撮合交易对：BTC_USDT
[info] 开始撮合交易对：BTC_USDT
[info] 开始撮合交易对：BTC_USDT
[info] 开始撮合交易对：BTC_USDT
[info] 开始撮合交易对：BTC_USDT
[info] 开始撮合交易对：BTC_USDT
[info] 开始撮合交易对：BTC_USDT
[info] 开始撮合交易对：BTC_USDT
[info] 开始撮合交易对：BTC_USDT
[info] 开始撮合交易对：BTC_USDT
[info] 开始撮合交易对：BTC_USDT
[info] 开始撮合交易对：BTC_USDT
[info] 开始撮合交易对：BTC_USDT
[info] 开始撮合交易对：BTC_USDT
[info] 开始撮合交易对：BTC_USDT
[info] 开始撮合交易对：BTC_USDT
[info] 开始撮合交易对：BTC_USDT
[info] 开始撮合交易对：BTC_USDT
[info] 开始撮合交易对：BTC_USDT
[info] 开始撮合交易对：BTC_USDT
[info] 开始撮合交易对：BTC_USDT
[info] 开始撮合交易对：BTC_USDT
[info] 开始撮合交易对：BTC_USDT
[info] 开始撮合交易对：BTC_USDT
[info] 开始撮合交易对：BTC_USDT
[info] 开始撮合交易对：BTC_USDT
[info] 开始撮合交易对：BTC_USDT
[info] 开始撮合交易对：BTC_USDT
[info] 开始撮合交易对：BTC_USDT
[info] 开始撮合交易对：BTC_USDT
[info] 开始撮合交易对：BTC_USDT
[info] 开始撮合交易对：BTC_USDT
[info] 开始撮合交易对：BTC_USDT
[info] 开始撮合交易对：BTC_USDT
[info] 开始撮合交易对：BTC_USDT
[info] 开始撮合交易对：BTC_USDT
[info] 开始撮合交易对：BTC_USDT
[info] 开始撮合交易对：BTC_USDT
[info] 开始撮合交易对：BTC_USDT
[info] 开始撮合交易对：BTC_USDT
[info] 开始撮合交易对：BTC_USDT
[info] 开始撮合交易对：BTC_USDT
[info] 开始撮合交易对：BTC_USDT
[info] 开始撮合交易对：BTC_USDT
[info] 开始撮合交易对：BTC_USDT
[info] 开始撮合交易对：BTC_USDT
[info] 开始撮合交易对：BTC_USDT
[info] 开始撮合交易对：BTC_USDT
[info] 开始撮合交易对：BTC_USDT
[info] 开始撮合交易对：BTC_USDT
[info] 开始撮合交易对：BTC_USDT
[info] 开始撮合交易对：BTC_USDT
[info] 开始撮合交易对：BTC_USDT
[info] 开始撮合交易对：BTC_USDT
[info] 开始撮合交易对：BTC_USDT
[info] 开始撮合交易对：BTC_USDT
[info] 开始撮合交易对：BTC_USDT
[info] 开始撮合交易对：BTC_USDT
[info] 开始撮合交易对：BTC_USDT
[info] 开始撮合交易对：BTC_USDT
[info] 开始撮合交易对：BTC_USDT
[info] 开始撮合交易对：BTC_USDT
[info] 开始撮合交易对：BTC_USDT
[info] 开始撮合交易对：BTC_USDT
[info] 开始撮合交易对：BTC_USDT
[info] 开始撮合交易对：BTC_USDT
[info] 开始撮合交易对：BTC_USDT
[info] 开始撮合交易对：BTC_USDT
[info] 开始撮合交易对：BTC_USDT
[info] 开始撮合交易对：BTC_USDT
[info] 开始撮合交易对：BTC_USDT
[info] 开始撮合交易对：BTC_USDT
[info] 开始撮合交易对：BTC_USDT
[info] 开始撮合交易对：BTC_USDT
[info] 开始撮合交易对：BTC_USDT
[info] 开始撮合交易对：BTC_USDT
[info] 开始撮合交易对：BTC_USDT
[info] 开始撮合交易对：BTC_USDT
[info] 开始撮合交易对：BTC_USDT
[info] 开始撮合交易对：BTC_USDT
[info] 开始撮合交易对：BTC_USDT
[info] 开始撮合交易对：BTC_USDT
[info] 开始撮合交易对：BTC_USDT
[info] 开始撮合交易对：BTC_USDT
[info] 开始撮合交易对：BTC_USDT
[info] 开始撮合交易对：BTC_USDT
[info] 开始撮合交易对：BTC_USDT
[info] 开始撮合交易对：BTC_USDT
[info] 开始撮合交易对：BTC_USDT
[info] 开始撮合交易对：BTC_USDT
[info] 开始撮合交易对：BTC_USDT
[info] 开始撮合交易对：BTC_USDT
[info] 开始撮合交易对：BTC_USDT
[info] 开始撮合交易对：BTC_USDT
[info] 开始撮合交易对：BTC_USDT
[info] 开始撮合交易对：BTC_USDT
[info] 开始撮合交易对：BTC_USDT
[info] 开始撮合交易对：BTC_USDT
[info] 开始撮合交易对：BTC_USDT
[info] 开始撮合交易对：BTC_USDT
[info] 开始撮合交易对：BTC_USDT
[info] 开始撮合交易对：BTC_USDT
[info] 开始撮合交易对：BTC_USDT
[info] 开始撮合交易对：BTC_USDT
[info] 开始撮合交易对：BTC_USDT
[info] 开始撮合交易对：BTC_USDT
[info] 开始撮合交易对：BTC_USDT
[info] 开始撮合交易对：BTC_USDT
[info] 买单 #订单号1 (买家用户：1) 下单数量：5.00000000，原已成交：2.00000000，本次撮合：3.00000000，现已成交：5.00000000，剩余：0.00000000。 订单已完全成交
[info] 买单 #订单号1 (买家用户：1) 分批撮合完成，当前订单状态已改为完全成交。
[info] 卖单 #订单号4 (卖家用户：2) 下单数量：7.00000000，原已成交：4.00000000，本次撮合：3.00000000，现已成交：7.00000000，剩余：0.00000000。 订单已完全成交
[info] 卖单 #订单号4 (卖家用户：2) 分批撮合完成，当前订单状态已改为完全成交。
[info] 撮合成交：买单 #订单号1 (买家：1, 下单数量：5.00000000, 本次撮合：3.00000000) 与卖单 #订单号4 (卖家：2, 下单数量：7.00000000, 本次撮合：3.00000000) 成交，成交价：10.00000000。
[info] 买单 #订单号5 (买家用户：1) 下单数量：8.00000000，原已成交：0.00000000，本次撮合：8.00000000，现已成交：8.00000000，剩余：0.00000000。 订单已完全成交
[info] 买单 #订单号5 (买家用户：1) 分批撮合完成，当前订单状态已改为完全成交。
[info] 卖单 #订单号8 (卖家用户：2) 下单数量：9.00000000，原已成交：0.00000000，本次撮合：8.00000000，现已成交：8.00000000，剩余：1.00000000。 订单部分成交
[info] 撮合成交：买单 #订单号5 (买家：1, 下单数量：8.00000000, 本次撮合：8.00000000) 与卖单 #订单号8 (卖家：2, 下单数量：9.00000000, 本次撮合：8.00000000) 成交，成交价：10.00000000。
[info] 买单 #订单号7 (买家用户：1) 下单数量：2.00000000，原已成交：1.00000000，本次撮合：1.00000000，现已成交：2.00000000，剩余：0.00000000。 订单已完全成交
[info] 买单 #订单号7 (买家用户：1) 分批撮合完成，当前订单状态已改为完全成交。
[info] 卖单 #订单号8 (卖家用户：2) 下单数量：9.00000000，原已成交：8.00000000，本次撮合：1.00000000，现已成交：9.00000000，剩余：0.00000000。 订单已完全成交
[info] 卖单 #订单号8 (卖家用户：2) 分批撮合完成，当前订单状态已改为完全成交。
[info] 撮合成交：买单 #订单号7 (买家：1, 下单数量：2.00000000, 本次撮合：1.00000000) 与卖单 #订单号8 (卖家：2, 下单数量：9.00000000, 本次撮合：1.00000000) 成交，成交价：10.00000000。
[info] 买单 #订单号9 (买家用户：1) 下单数量：4.00000000，原已成交：0.00000000，本次撮合：3.00000000，现已成交：3.00000000，剩余：1.00000000。 订单部分成交
[info] 卖单 #订单号10 (卖家用户：2) 下单数量：5.00000000，原已成交：2.00000000，本次撮合：3.00000000，现已成交：5.00000000，剩余：0.00000000。 订单已完全成交
[info] 卖单 #订单号10 (卖家用户：2) 分批撮合完成，当前订单状态已改为完全成交。
[info] 撮合成交：买单 #订单号9 (买家：1, 下单数量：4.00000000, 本次撮合：3.00000000) 与卖单 #订单号10 (卖家：2, 下单数量：5.00000000, 本次撮合：3.00000000) 成交，成交价：10.00000000。
[info] 开始撮合交易对：BTC_USDT
[info] 开始撮合交易对：BTC_USDT
[info] 撮合订单任务开始执行 job
[info] 开始批量撮合交易对
[info] 开始撮合交易对：BTC_USDT
[info] 开始撮合交易对：BTC_USDT
[info] 开始撮合交易对：BTC_USDT
[info] 开始撮合交易对：BTC_USDT
[info] 开始撮合交易对：BTC_USDT
[info] 开始撮合交易对：BTC_USDT
[info] 开始撮合交易对：BTC_USDT
[info] 开始撮合交易对：BTC_USDT
[info] 买单 #订单号1 (用户：1) 下单数量：5.00000000，原已成交：2.00000000，本次撮合：3.00000000，现已成交：5.00000000，剩余：0.00000000。 订单已完全成交
[info] 买单 #订单号1 (用户：1) 分批撮合完成，当前订单状态已改为完全成交。
[info] 卖单 #订单号4 (用户：2) 下单数量：7.00000000，原已成交：4.00000000，本次撮合：3.00000000，现已成交：7.00000000，剩余：0.00000000。 订单已完全成交
[info] 卖单 #订单号4 (用户：2) 分批撮合完成，当前订单状态已改为完全成交。
[info] 撮合成交：买单 #订单号1 (买家：1, 下单数量：5.00000000, 本次撮合：3.00000000) 与卖单 #订单号4 (卖家：2, 下单数量：7.00000000, 本次撮合：3.00000000) 成交，成交价：10.00000000。
[info] 买单 #订单号5 (用户：1) 下单数量：8.00000000，原已成交：0.00000000，本次撮合：8.00000000，现已成交：8.00000000，剩余：0.00000000。 订单已完全成交
[info] 买单 #订单号5 (用户：1) 分批撮合完成，当前订单状态已改为完全成交。
[info] 卖单 #订单号8 (用户：2) 下单数量：9.00000000，原已成交：0.00000000，本次撮合：8.00000000，现已成交：8.00000000，剩余：1.00000000。 订单部分成交
[info] 撮合成交：买单 #订单号5 (买家：1, 下单数量：8.00000000, 本次撮合：8.00000000) 与卖单 #订单号8 (卖家：2, 下单数量：9.00000000, 本次撮合：8.00000000) 成交，成交价：10.00000000。
[info] 买单 #订单号7 (用户：1) 下单数量：2.00000000，原已成交：1.00000000，本次撮合：1.00000000，现已成交：2.00000000，剩余：0.00000000。 订单已完全成交
[info] 买单 #订单号7 (用户：1) 分批撮合完成，当前订单状态已改为完全成交。
[info] 卖单 #订单号8 (用户：2) 下单数量：9.00000000，原已成交：8.00000000，本次撮合：1.00000000，现已成交：9.00000000，剩余：0.00000000。 订单已完全成交
[info] 卖单 #订单号8 (用户：2) 分批撮合完成，当前订单状态已改为完全成交。
[info] 撮合成交：买单 #订单号7 (买家：1, 下单数量：2.00000000, 本次撮合：1.00000000) 与卖单 #订单号8 (卖家：2, 下单数量：9.00000000, 本次撮合：1.00000000) 成交，成交价：10.00000000。
[info] 买单 #订单号9 (用户：1) 下单数量：4.00000000，原已成交：0.00000000，本次撮合：3.00000000，现已成交：3.00000000，剩余：1.00000000。 订单部分成交
[info] 卖单 #订单号10 (用户：2) 下单数量：5.00000000，原已成交：2.00000000，本次撮合：3.00000000，现已成交：5.00000000，剩余：0.00000000。 订单已完全成交
[info] 卖单 #订单号10 (用户：2) 分批撮合完成，当前订单状态已改为完全成交。
[info] 撮合成交：买单 #订单号9 (买家：1, 下单数量：4.00000000, 本次撮合：3.00000000) 与卖单 #订单号10 (卖家：2, 下单数量：5.00000000, 本次撮合：3.00000000) 成交，成交价：10.00000000。
[info] 开始撮合交易对：BTC_USDT
[info] 撮合订单任务开始执行 job
[info] 开始批量撮合交易对
[info] 开始撮合交易对：BTC_USDT
[info] 买单 #订单号1 (用户：1) 下单数量：5.00000000，原已成交：2.00000000，本次撮合：3.00000000，现已成交：5.00000000，剩余：0.00000000。 订单已完全成交
[info] 买单 #订单号1 (用户：1) 分批撮合完成，当前订单状态已改为完全成交。
[info] 卖单 #订单号4 (用户：2) 下单数量：7.00000000，原已成交：4.00000000，本次撮合：3.00000000，现已成交：7.00000000，剩余：0.00000000。 订单已完全成交
[info] 卖单 #订单号4 (用户：2) 分批撮合完成，当前订单状态已改为完全成交。
[info] 撮合成交：买单 #订单号1 (买家：1, 下单数量：5.00000000, 本次撮合：3.00000000) 与卖单 #订单号4 (卖家：2, 下单数量：7.00000000, 本次撮合：3.00000000) 成交，成交价：10.00000000。
[info] 买单 #订单号5 (用户：1) 下单数量：8.00000000，原已成交：0.00000000，本次撮合：8.00000000，现已成交：8.00000000，剩余：0.00000000。 订单已完全成交
[info] 买单 #订单号5 (用户：1) 分批撮合完成，当前订单状态已改为完全成交。
[info] 卖单 #订单号8 (用户：2) 下单数量：9.00000000，原已成交：0.00000000，本次撮合：8.00000000，现已成交：8.00000000，剩余：1.00000000。 订单部分成交
[info] 撮合成交：买单 #订单号5 (买家：1, 下单数量：8.00000000, 本次撮合：8.00000000) 与卖单 #订单号8 (卖家：2, 下单数量：9.00000000, 本次撮合：8.00000000) 成交，成交价：10.00000000。
[info] 买单 #订单号7 (用户：1) 下单数量：2.00000000，原已成交：1.00000000，本次撮合：1.00000000，现已成交：2.00000000，剩余：0.00000000。 订单已完全成交
[info] 买单 #订单号7 (用户：1) 分批撮合完成，当前订单状态已改为完全成交。
[info] 卖单 #订单号8 (用户：2) 下单数量：9.00000000，原已成交：8.00000000，本次撮合：1.00000000，现已成交：9.00000000，剩余：0.00000000。 订单已完全成交
[info] 卖单 #订单号8 (用户：2) 分批撮合完成，当前订单状态已改为完全成交。
[info] 撮合成交：买单 #订单号7 (买家：1, 下单数量：2.00000000, 本次撮合：1.00000000) 与卖单 #订单号8 (卖家：2, 下单数量：9.00000000, 本次撮合：1.00000000) 成交，成交价：10.00000000。
[info] 买单 #订单号9 (用户：1) 下单数量：4.00000000，原已成交：0.00000000，本次撮合：3.00000000，现已成交：3.00000000，剩余：1.00000000。 订单部分成交
[info] 卖单 #订单号10 (用户：2) 下单数量：5.00000000，原已成交：2.00000000，本次撮合：3.00000000，现已成交：5.00000000，剩余：0.00000000。 订单已完全成交
[info] 卖单 #订单号10 (用户：2) 分批撮合完成，当前订单状态已改为完全成交。
[info] 撮合成交：买单 #订单号9 (买家：1, 下单数量：4.00000000, 本次撮合：3.00000000) 与卖单 #订单号10 (卖家：2, 下单数量：5.00000000, 本次撮合：3.00000000) 成交，成交价：10.00000000。
[info] 开始撮合交易对：BTC_USDT
[info] 开始撮合交易对：BTC_USDT
[info] 开始撮合交易对：BTC_USDT
[info] 开始撮合交易对：BTC_USDT
[info] 开始撮合交易对：BTC_USDT
[info] 开始撮合交易对：BTC_USDT
[info] 开始撮合交易对：BTC_USDT
[info] 开始撮合交易对：BTC_USDT
[info] 开始撮合交易对：BTC_USDT
[info] 开始撮合交易对：BTC_USDT
[info] 开始撮合交易对：BTC_USDT
[info] 开始撮合交易对：BTC_USDT
[info] 开始撮合交易对：BTC_USDT
[info] 开始撮合交易对：BTC_USDT
[info] 开始撮合交易对：BTC_USDT
[info] 开始撮合交易对：BTC_USDT
[info] 开始撮合交易对：BTC_USDT
[info] 开始撮合交易对：BTC_USDT
[info] 开始撮合交易对：BTC_USDT
[info] 开始撮合交易对：BTC_USDT
[info] 开始撮合交易对：BTC_USDT
[info] 开始撮合交易对：BTC_USDT
[info] 开始撮合交易对：BTC_USDT
[info] 开始撮合交易对：BTC_USDT
[info] 撮合订单任务开始执行 job
[info] 开始批量撮合交易对
[info] 开始撮合交易对：BTC_USDT
[info] 撮合订单任务开始执行 job
[info] 开始批量撮合交易对
[info] 开始撮合交易对：BTC_USDT
[info] 撮合订单任务开始执行 job
[info] 开始批量撮合交易对
[info] 开始撮合交易对：BTC_USDT
[info] 撮合订单任务开始执行 job
[info] 开始批量撮合交易对
[info] 开始撮合交易对：BTC_USDT
[info] 买单 #订单号1 (用户：1) 下单数量：5.00000000，原已成交：2.00000000，本次撮合：3.00000000，现已成交：5.00000000，剩余：0.00000000。 订单已完全成交
[info] 买单 #订单号1 (用户：1) 分批撮合完成，当前订单状态已改为完全成交。
[info] 卖单 #订单号4 (用户：2) 下单数量：7.00000000，原已成交：4.00000000，本次撮合：3.00000000，现已成交：7.00000000，剩余：0.00000000。 订单已完全成交
[info] 卖单 #订单号4 (用户：2) 分批撮合完成，当前订单状态已改为完全成交。
[info] 撮合成交：买单 #订单号1 (买家：1, 下单数量：5.00000000, 本次撮合：3.00000000) 与卖单 #订单号4 (卖家：2, 下单数量：7.00000000, 本次撮合：3.00000000) 成交，成交价：10.00000000。
[info] 买单 #订单号5 (用户：1) 下单数量：8.00000000，原已成交：0.00000000，本次撮合：8.00000000，现已成交：8.00000000，剩余：0.00000000。 订单已完全成交
[info] 买单 #订单号5 (用户：1) 分批撮合完成，当前订单状态已改为完全成交。
[info] 卖单 #订单号8 (用户：2) 下单数量：9.00000000，原已成交：0.00000000，本次撮合：8.00000000，现已成交：8.00000000，剩余：1.00000000。 订单部分成交
[info] 撮合成交：买单 #订单号5 (买家：1, 下单数量：8.00000000, 本次撮合：8.00000000) 与卖单 #订单号8 (卖家：2, 下单数量：9.00000000, 本次撮合：8.00000000) 成交，成交价：10.00000000。
[info] 买单 #订单号7 (用户：1) 下单数量：2.00000000，原已成交：1.00000000，本次撮合：1.00000000，现已成交：2.00000000，剩余：0.00000000。 订单已完全成交
[info] 买单 #订单号7 (用户：1) 分批撮合完成，当前订单状态已改为完全成交。
[info] 卖单 #订单号8 (用户：2) 下单数量：9.00000000，原已成交：8.00000000，本次撮合：1.00000000，现已成交：9.00000000，剩余：0.00000000。 订单已完全成交
[info] 卖单 #订单号8 (用户：2) 分批撮合完成，当前订单状态已改为完全成交。
[info] 撮合成交：买单 #订单号7 (买家：1, 下单数量：2.00000000, 本次撮合：1.00000000) 与卖单 #订单号8 (卖家：2, 下单数量：9.00000000, 本次撮合：1.00000000) 成交，成交价：10.00000000。
[info] 买单 #订单号9 (用户：1) 下单数量：4.00000000，原已成交：0.00000000，本次撮合：3.00000000，现已成交：3.00000000，剩余：1.00000000。 订单部分成交
[info] 卖单 #订单号10 (用户：2) 下单数量：5.00000000，原已成交：2.00000000，本次撮合：3.00000000，现已成交：5.00000000，剩余：0.00000000。 订单已完全成交
[info] 卖单 #订单号10 (用户：2) 分批撮合完成，当前订单状态已改为完全成交。
[info] 撮合成交：买单 #订单号9 (买家：1, 下单数量：4.00000000, 本次撮合：3.00000000) 与卖单 #订单号10 (卖家：2, 下单数量：5.00000000, 本次撮合：3.00000000) 成交，成交价：10.00000000。
[info] 开始撮合交易对：BTC_USDT
[info] 开始撮合交易对：BTC_USDT
[info] 用户已登录，用户ID：1
[info] 用户已登录，用户ID：1
[info] 用户已登录，用户ID：1
[info] 用户已登录，用户ID：1
[info] 用户已登录，用户ID：1
[info] 用户已登录，用户ID：1
[info] 用户已登录，用户ID：1
[info] 用户已登录，用户ID：1
[info] 用户已登录，用户ID：1
[info] 用户已登录，用户ID：1
[info] 用户已登录，用户ID：1
[info] 用户已登录，用户ID：1
[info] 用户已登录，用户ID：1
[info] 用户已登录，用户ID：1
[info] 用户已登录，用户ID：1
[info] 用户已登录，用户ID：1
[info] 用户已登录，用户ID：1
[info] 用户已登录，用户ID：1
[info] 用户已登录，用户ID：1
[info] 用户已登录，用户ID：1
[info] 用户已登录，用户ID：1
[info] 用户已登录，用户ID：1
[info] 用户已登录，用户ID：1
[info] 用户已登录，用户ID：1
[info] 用户已登录，用户ID：1
[info] 用户已登录，用户ID：1
[info] 用户已登录，用户ID：1
[info] 用户已登录，用户ID：1
[info] 用户已登录，用户ID：1
[info] 用户已登录，用户ID：1
[info] 用户已登录，用户ID：1
[info] 用户已登录，用户ID：1
[info] 用户已登录，用户ID：1
[info] 用户已登录，用户ID：1
[info] 用户已登录，用户ID：1
[info] 用户已登录，用户ID：1
[info] 用户已登录，用户ID：1
[info] 用户已登录，用户ID：1
[info] 用户已登录，用户ID：1
[info] 用户已登录，用户ID：1
[info] 用户已登录，用户ID：1
[info] 用户已登录，用户ID：1
[info] 用户已登录，用户ID：1
[info] 用户已登录，用户ID：1
[info] 用户已登录，用户ID：1
[info] 用户已登录，用户ID：1
[info] 用户已登录，用户ID：1
[info] 用户已登录，用户ID：1
[info] 用户已登录，用户ID：1
[info] 用户已登录，用户ID：1
[info] 用户已登录，用户ID：1
[info] 用户已登录，用户ID：1
[info] 用户已登录，用户ID：1
[info] 用户已登录，用户ID：1
[info] 撮合订单任务开始执行 job
[info] 开始批量撮合交易对
[info] 开始撮合交易对：BTC_USDT
[info] 用户已登录，用户ID：2
[info] 开始撮合交易对：BTC_USDT
[info] 开始撮合交易对：BTC_USDT
[info] 用户已登录，用户ID：2
[info] 开始撮合交易对：BTC_USDT
[info] 用户已登录，用户ID：2
[info] 用户已登录，用户ID：2
[info] 用户已登录，用户ID：2
[info] 用户已登录，用户ID：2
[info] 撮合订单任务开始执行 job
[info] 开始批量撮合交易对
[info] 用户已登录，用户ID：2
[info] 用户已登录，用户ID：2
[info] 用户已登录，用户ID：2
[info] 用户已登录，用户ID：2
[info] 用户已登录，用户ID：2
[info] 用户已登录，用户ID：2
[info] 用户已登录，用户ID：2
[info] 用户已登录，用户ID：2
[info] 用户已登录，用户ID：2
[info] 用户已登录，用户ID：2
[info] 用户已登录，用户ID：2
[info] 用户已登录，用户ID：2
[info] 用户已登录，用户ID：2
[info] 用户已登录，用户ID：2
[info] 买单 #订单号1742792864844288 (用户：2) 下单数量：2.00000000，原已成交：0.00000000，本次撮合：2.00000000，现已成交：2.00000000，剩余：0.00000000。 订单已完全成交
[info] 买单 #订单号1742792864844288 (用户：2) 分批撮合完成，当前订单状态已改为完全成交。
[info] 卖单 #订单号1742792718551405 (用户：1) 下单数量：2.00000000，原已成交：0.00000000，本次撮合：2.00000000，现已成交：2.00000000，剩余：0.00000000。 订单已完全成交
[info] 卖单 #订单号1742792718551405 (用户：1) 分批撮合完成，当前订单状态已改为完全成交。
[info] 撮合成交：买单 #订单号1742792864844288 (买家：2, 下单数量：2.00000000, 本次撮合：2.00000000) 与卖单 #订单号1742792718551405 (卖家：1, 下单数量：2.00000000, 本次撮合：2.00000000) 成交，成交价：2.00000000。
[info] 用户已登录，用户ID：2
[info] 用户已登录，用户ID：2
[info] 用户已登录，用户ID：2
[info] 用户已登录，用户ID：2
[info] 用户已登录，用户ID：2
[info] 用户已登录，用户ID：2
[info] 用户已登录，用户ID：2
[info] 用户已登录，用户ID：2
[info] 用户已登录，用户ID：2
[info] 用户已登录，用户ID：2
[info] 用户已登录，用户ID：2
[info] 用户已登录，用户ID：2
[info] 用户已登录，用户ID：2
[info] 用户已登录，用户ID：2
[info] 用户已登录，用户ID：2
[info] 买单 #订单号1742792951896319 (用户：2) 下单数量：1.00000000，原已成交：0.00000000，本次撮合：1.00000000，现已成交：1.00000000，剩余：0.00000000。 订单已完全成交
[info] 买单 #订单号1742792951896319 (用户：2) 分批撮合完成，当前订单状态已改为完全成交。
[info] 卖单 #订单号1742792712714376 (用户：1) 下单数量：2.00000000，原已成交：0.00000000，本次撮合：1.00000000，现已成交：1.00000000，剩余：1.00000000。 订单部分成交
[info] 撮合成交：买单 #订单号1742792951896319 (买家：2, 下单数量：1.00000000, 本次撮合：1.00000000) 与卖单 #订单号1742792712714376 (卖家：1, 下单数量：2.00000000, 本次撮合：1.00000000) 成交，成交价：2.10000000。
[info] 用户已登录，用户ID：2
[info] 用户已登录，用户ID：2
[info] 用户已登录，用户ID：2
[info] 用户已登录，用户ID：2
[info] 用户已登录，用户ID：2
[info] 用户已登录，用户ID：2
[info] 用户已登录，用户ID：2
[info] 用户已登录，用户ID：2
[info] 用户已登录，用户ID：2
[info] 用户已登录，用户ID：2
[info] 用户已登录，用户ID：2
[info] 用户已登录，用户ID：2
[info] 用户已登录，用户ID：2
[info] 用户已登录，用户ID：2
[info] 用户已登录，用户ID：2
[info] 用户已登录，用户ID：2
[info] 用户已登录，用户ID：2
[info] 用户已登录，用户ID：2
[info] 用户已登录，用户ID：2
[info] 用户已登录，用户ID：2
[info] 买单 #订单号1742792689337539 (用户：1) 下单数量：2.00000000，原已成交：0.00000000，本次撮合：2.00000000，现已成交：2.00000000，剩余：0.00000000。 订单已完全成交
[info] 买单 #订单号1742792689337539 (用户：1) 分批撮合完成，当前订单状态已改为完全成交。
[info] 卖单 #订单号1742793062373975 (用户：2) 下单数量：4.00000000，原已成交：0.00000000，本次撮合：2.00000000，现已成交：2.00000000，剩余：2.00000000。 订单部分成交
[info] 撮合成交：买单 #订单号1742792689337539 (买家：1, 下单数量：2.00000000, 本次撮合：2.00000000) 与卖单 #订单号1742793062373975 (卖家：2, 下单数量：4.00000000, 本次撮合：2.00000000) 成交，成交价：1.10000000。
[info] 买单 #订单号1742792679399349 (用户：1) 下单数量：2.00000000，原已成交：0.00000000，本次撮合：2.00000000，现已成交：2.00000000，剩余：0.00000000。 订单已完全成交
[info] 买单 #订单号1742792679399349 (用户：1) 分批撮合完成，当前订单状态已改为完全成交。
[info] 卖单 #订单号1742793062373975 (用户：2) 下单数量：4.00000000，原已成交：2.00000000，本次撮合：2.00000000，现已成交：4.00000000，剩余：0.00000000。 订单已完全成交
[info] 卖单 #订单号1742793062373975 (用户：2) 分批撮合完成，当前订单状态已改为完全成交。
[info] 撮合成交：买单 #订单号1742792679399349 (买家：1, 下单数量：2.00000000, 本次撮合：2.00000000) 与卖单 #订单号1742793062373975 (卖家：2, 下单数量：4.00000000, 本次撮合：2.00000000) 成交，成交价：1.00000000。
[info] 用户已登录，用户ID：2
[info] 用户已登录，用户ID：2
[info] 用户已登录，用户ID：2
[info] 用户已登录，用户ID：2
[info] 用户已登录，用户ID：2
[info] 用户已登录，用户ID：2
[info] 用户已登录，用户ID：2
[info] 用户已登录，用户ID：2
[info] 用户已登录，用户ID：2
[info] 用户已登录，用户ID：2
[info] 用户已登录，用户ID：2
[info] 用户已登录，用户ID：2
[info] 用户已登录，用户ID：2
[info] 用户已登录，用户ID：2
[info] 用户已登录，用户ID：2
[info] 用户已登录，用户ID：2
[info] 用户已登录，用户ID：2
[info] 用户已登录，用户ID：2
[info] 用户已登录，用户ID：2
[info] 用户已登录，用户ID：2
[info] 用户已登录，用户ID：2
[info] 用户已登录，用户ID：2
[info] 用户已登录，用户ID：2
[info] 用户已登录，用户ID：2
[info] 用户已登录，用户ID：2
[info] 用户已登录，用户ID：2
[info] 用户已登录，用户ID：2
[info] 用户已登录，用户ID：2
[info] 用户已登录，用户ID：2
[info] 用户已登录，用户ID：2
[info] 用户已登录，用户ID：2
[info] 用户已登录，用户ID：2
[info] 用户已登录，用户ID：2
[info] 用户已登录，用户ID：2
[info] 用户已登录，用户ID：2
[info] 用户已登录，用户ID：2
[info] 用户已登录，用户ID：2
[info] 用户已登录，用户ID：2
[info] 用户已登录，用户ID：2
[info] 用户已登录，用户ID：2
[info] 用户已登录，用户ID：2
[info] 用户已登录，用户ID：2
[info] 用户已登录，用户ID：2
[info] 用户已登录，用户ID：2
[info] 用户已登录，用户ID：2
[info] 用户已登录，用户ID：2
[info] 用户已登录，用户ID：2
[info] 用户已登录，用户ID：2
[info] 用户已登录，用户ID：2
[info] 用户已登录，用户ID：2
[info] 用户已登录，用户ID：2
[info] 用户已登录，用户ID：2
[info] 用户已登录，用户ID：2
[info] 用户已登录，用户ID：2
[info] 用户已登录，用户ID：2
[info] 用户已登录，用户ID：2
[info] 用户已登录，用户ID：2
[info] 用户已登录，用户ID：2
[info] 用户已登录，用户ID：2
[info] 用户已登录，用户ID：2
[info] 用户已登录，用户ID：2
[info] 用户已登录，用户ID：2
[info] 用户已登录，用户ID：2
[info] 用户已登录，用户ID：2
[info] 用户已登录，用户ID：2
[info] 用户已登录，用户ID：2
[info] 用户已登录，用户ID：2
[info] 用户已登录，用户ID：2
[info] 用户已登录，用户ID：2
[info] 用户已登录，用户ID：2
[info] 用户已登录，用户ID：2
[info] 用户已登录，用户ID：2
[info] 用户已登录，用户ID：2
[info] 用户已登录，用户ID：2
[info] 用户已登录，用户ID：2
[info] 用户已登录，用户ID：2
[info] 用户已登录，用户ID：2
[info] 用户已登录，用户ID：2
[info] 用户已登录，用户ID：2
[info] 用户已登录，用户ID：2
[info] 用户已登录，用户ID：2
[info] 用户已登录，用户ID：2
[info] 用户已登录，用户ID：2
[info] 用户已登录，用户ID：2
[info] 用户已登录，用户ID：2
[info] 用户已登录，用户ID：2
[info] 用户已登录，用户ID：2
[info] 用户已登录，用户ID：2
[info] 用户已登录，用户ID：2
[info] 用户已登录，用户ID：2
[info] 用户已登录，用户ID：2
[info] 用户已登录，用户ID：2
[info] 用户已登录，用户ID：2
[info] 用户已登录，用户ID：2
[info] 用户已登录，用户ID：2
[info] 用户已登录，用户ID：2
[info] 用户已登录，用户ID：2
[info] 用户已登录，用户ID：2
[info] 用户已登录，用户ID：2
[info] 用户已登录，用户ID：2
[info] 用户已登录，用户ID：2
[info] 用户已登录，用户ID：2
[info] 用户已登录，用户ID：2
[info] 用户已登录，用户ID：2
[info] 用户已登录，用户ID：2
[info] 用户已登录，用户ID：2
[info] 用户已登录，用户ID：2
[info] 用户已登录，用户ID：2
[info] 用户已登录，用户ID：2
[info] 用户已登录，用户ID：2
[info] 用户已登录，用户ID：2
[info] 用户已登录，用户ID：2
[info] 用户已登录，用户ID：2
[info] 用户已登录，用户ID：2
[info] 用户已登录，用户ID：2
[info] 用户已登录，用户ID：2
[info] 用户已登录，用户ID：2
[info] 用户已登录，用户ID：2
[info] 用户已登录，用户ID：2
[info] 用户已登录，用户ID：2
[info] 用户已登录，用户ID：2
[info] 用户已登录，用户ID：2
[info] 用户已登录，用户ID：2
[info] 用户已登录，用户ID：2
[info] 用户已登录，用户ID：2
[info] 用户已登录，用户ID：2
[info] 用户已登录，用户ID：2
[info] 用户已登录，用户ID：2
[info] 用户已登录，用户ID：2
[info] 用户已登录，用户ID：2
[info] 用户已登录，用户ID：2
[info] 买单 #订单号1742795097465506 (用户：2) 下单数量：2.00000000，原已成交：0.00000000，本次撮合：1.00000000，现已成交：1.00000000，剩余：1.00000000。 订单部分成交
[info] 卖单 #订单号1742792712714376 (用户：1) 下单数量：2.00000000，原已成交：1.00000000，本次撮合：1.00000000，现已成交：2.00000000，剩余：0.00000000。 订单已完全成交
[info] 卖单 #订单号1742792712714376 (用户：1) 分批撮合完成，当前订单状态已改为完全成交。
[info] 撮合成交：买单 #订单号1742795097465506 (买家：2, 下单数量：2.00000000, 本次撮合：1.00000000) 与卖单 #订单号1742792712714376 (卖家：1, 下单数量：2.00000000, 本次撮合：1.00000000) 成交，成交价：2.10000000。
[info] 用户已登录，用户ID：2
[info] 用户已登录，用户ID：2
[info] 用户已登录，用户ID：2
[info] 用户已登录，用户ID：2
[info] 用户已登录，用户ID：2
[info] 用户已登录，用户ID：2
[info] 用户已登录，用户ID：2
[info] 用户已登录，用户ID：2
[info] 用户已登录，用户ID：2
[info] 用户已登录，用户ID：2
[info] 用户已登录，用户ID：2
[info] 用户已登录，用户ID：2
[info] 用户已登录，用户ID：2
[info] 用户已登录，用户ID：2
[info] 用户已登录，用户ID：2
[info] 用户已登录，用户ID：2
[info] 用户已登录，用户ID：2
[info] 用户已登录，用户ID：2
[info] 用户已登录，用户ID：2
[info] 用户已登录，用户ID：2
[info] 用户已登录，用户ID：2
[info] 用户已登录，用户ID：2
[info] 用户已登录，用户ID：2
[info] 用户已登录，用户ID：2
[info] 用户已登录，用户ID：2
[info] 用户已登录，用户ID：1
[info] 用户已登录，用户ID：1
[info] 用户已登录，用户ID：1
[info] 用户已登录，用户ID：1
[info] 用户已登录，用户ID：1
[info] 用户已登录，用户ID：1
[info] 用户已登录，用户ID：1
[info] 用户已登录，用户ID：1
[info] 用户已登录，用户ID：1
[info] 用户已登录，用户ID：1
[info] 用户已登录，用户ID：1
[info] 用户已登录，用户ID：1
[info] 用户已登录，用户ID：1
[info] 用户已登录，用户ID：1
[info] 用户已登录，用户ID：1
[info] 用户已登录，用户ID：1
[info] 用户已登录，用户ID：1
[info] 用户已登录，用户ID：1
[info] 用户已登录，用户ID：1
[info] 用户已登录，用户ID：1
[info] 用户已登录，用户ID：1
[info] 用户已登录，用户ID：1
[info] 用户已登录，用户ID：1
[info] 用户已登录，用户ID：1
[info] 用户已登录，用户ID：1
[info] 用户已登录，用户ID：1
[info] 用户已登录，用户ID：1
[info] 用户已登录，用户ID：1
[info] 用户已登录，用户ID：1
[info] 用户已登录，用户ID：1
[info] 撮合订单任务开始执行 job
[info] 开始批量撮合交易对
[info] 用户已登录，用户ID：1
[info] 用户已登录，用户ID：1
[info] 用户已登录，用户ID：1
[info] 用户已登录，用户ID：1
[info] 用户已登录，用户ID：1
[info] 用户已登录，用户ID：1
